attr:n_steps	value:50
attr:batch_size	value:1024
attr:n_class	value:2
attr:full_number	value:32
attr:display_step	value:50
attr:l2_reg	value:0.0
attr:decay_rate	value:0.1
attr:dropout2	value:0.9
attr:dropout1	value:0.9
attr:n_inputs	value:80
attr:decay_steps1	value:100
attr:lr	value:0.001
attr:cells_sizes	value:80,64
attr:training_iters	value:598
attr:full_number2	value:8
attr:save_step	value:100
attr:decay_steps	value:100
Loading data
15 seconds
validation_iter: 11
2018-06-15 21:08:07.275103: I tensorflow/core/platform/cpu_feature_guard.cc:137] Your CPU supports instructions that this TensorFlow binary was not compiled to use: SSE4.1 SSE4.2 AVX AVX2 FMA
2018-06-15 21:08:12.874129: I tensorflow/core/common_runtime/gpu/gpu_device.cc:1030] Found device 0 with properties: 
name: Tesla P100-PCIE-16GB major: 6 minor: 0 memoryClockRate(GHz): 1.3285
pciBusID: 0000:85:00.0
totalMemory: 15.89GiB freeMemory: 15.60GiB
2018-06-15 21:08:13.114159: I tensorflow/core/common_runtime/gpu/gpu_device.cc:1030] Found device 1 with properties: 
name: Tesla P100-PCIE-16GB major: 6 minor: 0 memoryClockRate(GHz): 1.3285
pciBusID: 0000:88:00.0
totalMemory: 15.89GiB freeMemory: 15.60GiB
2018-06-15 21:08:13.352392: I tensorflow/core/common_runtime/gpu/gpu_device.cc:1030] Found device 2 with properties: 
name: Tesla P100-PCIE-16GB major: 6 minor: 0 memoryClockRate(GHz): 1.3285
pciBusID: 0000:89:00.0
totalMemory: 15.89GiB freeMemory: 15.60GiB
2018-06-15 21:08:13.356239: I tensorflow/core/common_runtime/gpu/gpu_device.cc:1045] Device peer to peer matrix
2018-06-15 21:08:13.356336: I tensorflow/core/common_runtime/gpu/gpu_device.cc:1051] DMA: 0 1 2 
2018-06-15 21:08:13.356351: I tensorflow/core/common_runtime/gpu/gpu_device.cc:1061] 0:   Y Y Y 
2018-06-15 21:08:13.356358: I tensorflow/core/common_runtime/gpu/gpu_device.cc:1061] 1:   Y Y Y 
2018-06-15 21:08:13.356364: I tensorflow/core/common_runtime/gpu/gpu_device.cc:1061] 2:   Y Y Y 
2018-06-15 21:08:13.356414: I tensorflow/core/common_runtime/gpu/gpu_device.cc:1120] Creating TensorFlow device (/device:GPU:0) -> (device: 0, name: Tesla P100-PCIE-16GB, pci bus id: 0000:85:00.0, compute capability: 6.0)
2018-06-15 21:08:13.356424: I tensorflow/core/common_runtime/gpu/gpu_device.cc:1120] Creating TensorFlow device (/device:GPU:1) -> (device: 1, name: Tesla P100-PCIE-16GB, pci bus id: 0000:88:00.0, compute capability: 6.0)
2018-06-15 21:08:13.356432: I tensorflow/core/common_runtime/gpu/gpu_device.cc:1120] Creating TensorFlow device (/device:GPU:2) -> (device: 2, name: Tesla P100-PCIE-16GB, pci bus id: 0000:89:00.0, compute capability: 6.0)
output dir: /home/kugua/dongd/sequecemodel/models/1529068096
checkdir: /home/kugua/dongd/sequecemodel/models/1529068096/checkpoints
train_summary_writer
validation_summary_writer
before global initialization
glibal initialization
Variable:  rnn-0/fw/lstm_cell/kernel:0
Shape:  (160, 320)
[[ 0.09656149 -0.10192814  0.09467728 ...,  0.10886654  0.10621133
  -0.0548196 ]
 [ 0.04422554 -0.03422077  0.03330071 ..., -0.09649725 -0.03898137
  -0.07500216]
 [-0.0298748  -0.07432622 -0.03397281 ..., -0.06733467  0.02255207
  -0.05816578]
 ..., 
 [ 0.05265465 -0.09645452 -0.07193553 ..., -0.03329274  0.0579557
  -0.01376751]
 [-0.01354093  0.05225217  0.01177543 ...,  0.01999211  0.02456285
   0.02436633]
 [-0.02873808  0.04126115  0.01045483 ...,  0.02649722 -0.0757568
   0.09612623]]
Variable:  rnn-0/fw/lstm_cell/bias:0
Shape:  (320,)
[ 0.  0.  0.  0.  0.  0.  0.  0.  0.  0.  0.  0.  0.  0.  0.  0.  0.  0.
  0.  0.  0.  0.  0.  0.  0.  0.  0.  0.  0.  0.  0.  0.  0.  0.  0.  0.
  0.  0.  0.  0.  0.  0.  0.  0.  0.  0.  0.  0.  0.  0.  0.  0.  0.  0.
  0.  0.  0.  0.  0.  0.  0.  0.  0.  0.  0.  0.  0.  0.  0.  0.  0.  0.
  0.  0.  0.  0.  0.  0.  0.  0.  0.  0.  0.  0.  0.  0.  0.  0.  0.  0.
  0.  0.  0.  0.  0.  0.  0.  0.  0.  0.  0.  0.  0.  0.  0.  0.  0.  0.
  0.  0.  0.  0.  0.  0.  0.  0.  0.  0.  0.  0.  0.  0.  0.  0.  0.  0.
  0.  0.  0.  0.  0.  0.  0.  0.  0.  0.  0.  0.  0.  0.  0.  0.  0.  0.
  0.  0.  0.  0.  0.  0.  0.  0.  0.  0.  0.  0.  0.  0.  0.  0.  0.  0.
  0.  0.  0.  0.  0.  0.  0.  0.  0.  0.  0.  0.  0.  0.  0.  0.  0.  0.
  0.  0.  0.  0.  0.  0.  0.  0.  0.  0.  0.  0.  0.  0.  0.  0.  0.  0.
  0.  0.  0.  0.  0.  0.  0.  0.  0.  0.  0.  0.  0.  0.  0.  0.  0.  0.
  0.  0.  0.  0.  0.  0.  0.  0.  0.  0.  0.  0.  0.  0.  0.  0.  0.  0.
  0.  0.  0.  0.  0.  0.  0.  0.  0.  0.  0.  0.  0.  0.  0.  0.  0.  0.
  0.  0.  0.  0.  0.  0.  0.  0.  0.  0.  0.  0.  0.  0.  0.  0.  0.  0.
  0.  0.  0.  0.  0.  0.  0.  0.  0.  0.  0.  0.  0.  0.  0.  0.  0.  0.
  0.  0.  0.  0.  0.  0.  0.  0.  0.  0.  0.  0.  0.  0.  0.  0.  0.  0.
  0.  0.  0.  0.  0.  0.  0.  0.  0.  0.  0.  0.  0.  0.]
Variable:  rnn-0/bw/lstm_cell/kernel:0
Shape:  (160, 320)
[[ 0.04051617 -0.02587613  0.03061813 ..., -0.11030807  0.0816787
   0.09423223]
 [ 0.10974406 -0.07520451  0.06650689 ..., -0.07838573 -0.06946468
   0.01595885]
 [ 0.08315767  0.1114859   0.00627944 ..., -0.03157076  0.10498916
   0.11143018]
 ..., 
 [ 0.05713414  0.10585852  0.07484175 ..., -0.05897215  0.0707601
  -0.01336902]
 [-0.05742088 -0.08151991  0.07190618 ...,  0.09075461 -0.07525188
  -0.02086765]
 [ 0.04765683  0.03853261  0.05431052 ...,  0.03334469  0.04146443
   0.11134526]]
Variable:  rnn-0/bw/lstm_cell/bias:0
Shape:  (320,)
[ 0.  0.  0.  0.  0.  0.  0.  0.  0.  0.  0.  0.  0.  0.  0.  0.  0.  0.
  0.  0.  0.  0.  0.  0.  0.  0.  0.  0.  0.  0.  0.  0.  0.  0.  0.  0.
  0.  0.  0.  0.  0.  0.  0.  0.  0.  0.  0.  0.  0.  0.  0.  0.  0.  0.
  0.  0.  0.  0.  0.  0.  0.  0.  0.  0.  0.  0.  0.  0.  0.  0.  0.  0.
  0.  0.  0.  0.  0.  0.  0.  0.  0.  0.  0.  0.  0.  0.  0.  0.  0.  0.
  0.  0.  0.  0.  0.  0.  0.  0.  0.  0.  0.  0.  0.  0.  0.  0.  0.  0.
  0.  0.  0.  0.  0.  0.  0.  0.  0.  0.  0.  0.  0.  0.  0.  0.  0.  0.
  0.  0.  0.  0.  0.  0.  0.  0.  0.  0.  0.  0.  0.  0.  0.  0.  0.  0.
  0.  0.  0.  0.  0.  0.  0.  0.  0.  0.  0.  0.  0.  0.  0.  0.  0.  0.
  0.  0.  0.  0.  0.  0.  0.  0.  0.  0.  0.  0.  0.  0.  0.  0.  0.  0.
  0.  0.  0.  0.  0.  0.  0.  0.  0.  0.  0.  0.  0.  0.  0.  0.  0.  0.
  0.  0.  0.  0.  0.  0.  0.  0.  0.  0.  0.  0.  0.  0.  0.  0.  0.  0.
  0.  0.  0.  0.  0.  0.  0.  0.  0.  0.  0.  0.  0.  0.  0.  0.  0.  0.
  0.  0.  0.  0.  0.  0.  0.  0.  0.  0.  0.  0.  0.  0.  0.  0.  0.  0.
  0.  0.  0.  0.  0.  0.  0.  0.  0.  0.  0.  0.  0.  0.  0.  0.  0.  0.
  0.  0.  0.  0.  0.  0.  0.  0.  0.  0.  0.  0.  0.  0.  0.  0.  0.  0.
  0.  0.  0.  0.  0.  0.  0.  0.  0.  0.  0.  0.  0.  0.  0.  0.  0.  0.
  0.  0.  0.  0.  0.  0.  0.  0.  0.  0.  0.  0.  0.  0.]
Variable:  rnn-1/fw/lstm_cell/kernel:0
Shape:  (224, 256)
[[-0.03031047 -0.07320118  0.05757153 ..., -0.02834363 -0.0166363
   0.00540493]
 [ 0.02998702  0.07999343 -0.10342798 ..., -0.08533616 -0.10571741
  -0.03215338]
 [-0.05732686  0.11094049 -0.09540819 ..., -0.06764077  0.10208172
  -0.06116114]
 ..., 
 [ 0.08285862  0.07656056  0.03782327 ..., -0.08352999 -0.01096479
  -0.07233561]
 [-0.10643195  0.07435675  0.07144152 ..., -0.08815283 -0.05019446
   0.01615874]
 [ 0.11175182 -0.05853073  0.04140896 ...,  0.09267944 -0.02426109
   0.05272734]]
Variable:  rnn-1/fw/lstm_cell/bias:0
Shape:  (256,)
[ 0.  0.  0.  0.  0.  0.  0.  0.  0.  0.  0.  0.  0.  0.  0.  0.  0.  0.
  0.  0.  0.  0.  0.  0.  0.  0.  0.  0.  0.  0.  0.  0.  0.  0.  0.  0.
  0.  0.  0.  0.  0.  0.  0.  0.  0.  0.  0.  0.  0.  0.  0.  0.  0.  0.
  0.  0.  0.  0.  0.  0.  0.  0.  0.  0.  0.  0.  0.  0.  0.  0.  0.  0.
  0.  0.  0.  0.  0.  0.  0.  0.  0.  0.  0.  0.  0.  0.  0.  0.  0.  0.
  0.  0.  0.  0.  0.  0.  0.  0.  0.  0.  0.  0.  0.  0.  0.  0.  0.  0.
  0.  0.  0.  0.  0.  0.  0.  0.  0.  0.  0.  0.  0.  0.  0.  0.  0.  0.
  0.  0.  0.  0.  0.  0.  0.  0.  0.  0.  0.  0.  0.  0.  0.  0.  0.  0.
  0.  0.  0.  0.  0.  0.  0.  0.  0.  0.  0.  0.  0.  0.  0.  0.  0.  0.
  0.  0.  0.  0.  0.  0.  0.  0.  0.  0.  0.  0.  0.  0.  0.  0.  0.  0.
  0.  0.  0.  0.  0.  0.  0.  0.  0.  0.  0.  0.  0.  0.  0.  0.  0.  0.
  0.  0.  0.  0.  0.  0.  0.  0.  0.  0.  0.  0.  0.  0.  0.  0.  0.  0.
  0.  0.  0.  0.  0.  0.  0.  0.  0.  0.  0.  0.  0.  0.  0.  0.  0.  0.
  0.  0.  0.  0.  0.  0.  0.  0.  0.  0.  0.  0.  0.  0.  0.  0.  0.  0.
  0.  0.  0.  0.]
Variable:  rnn-1/bw/lstm_cell/kernel:0
Shape:  (224, 256)
[[ 0.07550447  0.04006718  0.05682935 ...,  0.00465342  0.04624866
   0.08544655]
 [-0.0282579  -0.00128765 -0.02001602 ..., -0.02348495  0.04415148
  -0.06572595]
 [-0.06158314  0.01028311 -0.02317394 ..., -0.02532241  0.10124402
  -0.01319677]
 ..., 
 [-0.06249418  0.00180488  0.00495255 ...,  0.08042397  0.01897055
   0.06972326]
 [-0.02218223 -0.00720864  0.04142335 ..., -0.08763501  0.10699159
  -0.08634318]
 [-0.09354547 -0.10148675  0.11083074 ..., -0.02042207  0.02122822
  -0.04879174]]
Variable:  rnn-1/bw/lstm_cell/bias:0
Shape:  (256,)
[ 0.  0.  0.  0.  0.  0.  0.  0.  0.  0.  0.  0.  0.  0.  0.  0.  0.  0.
  0.  0.  0.  0.  0.  0.  0.  0.  0.  0.  0.  0.  0.  0.  0.  0.  0.  0.
  0.  0.  0.  0.  0.  0.  0.  0.  0.  0.  0.  0.  0.  0.  0.  0.  0.  0.
  0.  0.  0.  0.  0.  0.  0.  0.  0.  0.  0.  0.  0.  0.  0.  0.  0.  0.
  0.  0.  0.  0.  0.  0.  0.  0.  0.  0.  0.  0.  0.  0.  0.  0.  0.  0.
  0.  0.  0.  0.  0.  0.  0.  0.  0.  0.  0.  0.  0.  0.  0.  0.  0.  0.
  0.  0.  0.  0.  0.  0.  0.  0.  0.  0.  0.  0.  0.  0.  0.  0.  0.  0.
  0.  0.  0.  0.  0.  0.  0.  0.  0.  0.  0.  0.  0.  0.  0.  0.  0.  0.
  0.  0.  0.  0.  0.  0.  0.  0.  0.  0.  0.  0.  0.  0.  0.  0.  0.  0.
  0.  0.  0.  0.  0.  0.  0.  0.  0.  0.  0.  0.  0.  0.  0.  0.  0.  0.
  0.  0.  0.  0.  0.  0.  0.  0.  0.  0.  0.  0.  0.  0.  0.  0.  0.  0.
  0.  0.  0.  0.  0.  0.  0.  0.  0.  0.  0.  0.  0.  0.  0.  0.  0.  0.
  0.  0.  0.  0.  0.  0.  0.  0.  0.  0.  0.  0.  0.  0.  0.  0.  0.  0.
  0.  0.  0.  0.  0.  0.  0.  0.  0.  0.  0.  0.  0.  0.  0.  0.  0.  0.
  0.  0.  0.  0.]
Variable:  full_connect1/W:0
Shape:  (128, 32)
[[ 0.7114042   0.10107946  0.20442772 ...,  0.08097613  0.47802532
   0.77576458]
 [ 0.10656047  0.10153365  0.04312718 ...,  0.60611582  0.10360014
   0.59021926]
 [ 0.35451388  0.45998955  0.79324603 ...,  0.89612556  0.28870225
   0.09407115]
 ..., 
 [ 0.05223155  0.39834476  0.00447643 ...,  0.6007961   0.43557942
   0.54597712]
 [ 0.10695684  0.88111329  0.20317948 ...,  0.38048875  0.44658077
   0.8118993 ]
 [ 0.23680151  0.81772435  0.81288826 ...,  0.52768266  0.74396527
   0.98711276]]
Variable:  full_connect1/b:0
Shape:  (32,)
[ 0.78142321  0.24537408  0.00484526  0.94114733  0.03638363  0.82807612
  0.06722105  0.438447    0.65518618  0.91704619  0.25511467  0.66056705
  0.83884299  0.78909361  0.93792808  0.74309218  0.75135386  0.40109861
  0.28733718  0.47236073  0.31626761  0.54840112  0.79507995  0.8603971
  0.37685394  0.09218645  0.29938316  0.65442765  0.03988147  0.63882303
  0.62637639  0.97656798]
Variable:  full_connect2/W:0
Shape:  (32, 8)
[[  7.78726220e-01   3.20871592e-01   8.48164320e-01   9.61592317e-01
    4.98514891e-01   5.27666092e-01   2.12260723e-01   6.90984011e-01]
 [  1.42825246e-01   3.45380545e-01   7.71900296e-01   5.10978937e-01
    7.00666428e-01   1.09637618e-01   1.52458191e-01   5.60414076e-01]
 [  8.07275891e-01   3.11892033e-01   2.80707121e-01   2.11546779e-01
    1.68547630e-02   3.57172847e-01   6.94925666e-01   7.50415921e-01]
 [  7.03849792e-02   3.63869071e-01   6.53472424e-01   7.69850016e-01
    7.58177638e-01   5.22053838e-01   6.18024230e-01   5.05150199e-01]
 [  2.97799349e-01   3.19115877e-01   1.68895721e-01   3.34229946e-01
    9.81889486e-01   5.82147479e-01   5.41427135e-02   9.30349469e-01]
 [  9.32743192e-01   5.65276742e-01   7.37517715e-01   8.68752599e-01
    3.73479128e-01   2.53355145e-01   4.55735207e-01   6.64842129e-01]
 [  9.89977002e-01   5.92321277e-01   2.61714220e-01   3.68621945e-01
    7.82502532e-01   7.53041983e-01   7.65233636e-01   2.15215683e-01]
 [  2.29293704e-01   6.83919430e-01   1.13040686e-01   7.56837130e-01
    5.00995517e-01   6.45514011e-01   7.61728406e-01   8.15502405e-02]
 [  8.21889520e-01   3.42077374e-01   8.60025764e-01   2.78053999e-01
    3.80137682e-01   3.40349197e-01   8.48737359e-01   2.38763928e-01]
 [  1.05653048e-01   6.31156087e-01   5.60221076e-01   2.99366117e-01
    5.39258718e-01   3.01823974e-01   8.84944201e-02   2.51063108e-01]
 [  2.27009177e-01   6.80358887e-01   2.70605445e-01   6.40546441e-01
    5.74821949e-01   1.07385755e-01   5.13692856e-01   6.87602282e-01]
 [  3.22856188e-01   2.56027937e-01   7.74860382e-05   6.85840845e-01
    7.92303324e-01   4.04626608e-01   5.00970006e-01   1.48588777e-01]
 [  3.39892864e-01   5.87952852e-01   4.45477009e-01   8.18436742e-01
    5.91666698e-01   3.68032813e-01   5.66100597e-01   7.72385240e-01]
 [  8.72604966e-01   4.28648353e-01   3.66000175e-01   4.27030444e-01
    5.13698936e-01   5.60442209e-02   3.18874002e-01   8.04395676e-02]
 [  2.71063209e-01   5.51346183e-01   5.00651836e-01   3.99050713e-02
    5.91812253e-01   1.93817735e-01   7.29242682e-01   3.14947367e-02]
 [  1.56406879e-01   3.65550041e-01   5.13337016e-01   3.84703159e-01
    9.13642645e-02   9.13348675e-01   9.78235841e-01   6.17523074e-01]
 [  2.71501780e-01   1.47980094e-01   8.87040615e-01   5.04465938e-01
    3.68618965e-02   3.17989826e-01   6.64656281e-01   5.54291487e-01]
 [  8.49211454e-01   2.97719598e-01   3.81787300e-01   4.78157997e-01
    2.93643355e-01   5.79238176e-01   5.90820074e-01   7.49103904e-01]
 [  7.20793962e-01   4.45728660e-01   9.79083300e-01   8.65145683e-01
    9.85985994e-01   4.27266598e-01   6.35594130e-01   5.59756517e-01]
 [  6.07326031e-01   1.28607035e-01   7.13608742e-01   8.07924509e-01
    6.79627657e-02   7.97498226e-02   9.87905025e-01   9.31717634e-01]
 [  9.35622811e-01   8.96055818e-01   3.06951046e-01   7.06938863e-01
    9.53949928e-01   3.86906385e-01   2.36585498e-01   6.44456744e-01]
 [  4.19778347e-01   5.29030204e-01   9.10210490e-01   5.52367568e-01
    8.09316158e-01   7.29340672e-01   7.88702011e-01   8.88223171e-01]
 [  8.33921075e-01   9.41378236e-01   7.62496829e-01   5.02740502e-01
    9.62224245e-01   1.64771914e-01   6.77332759e-01   1.23249292e-01]
 [  4.49670076e-01   6.25406027e-01   6.03450537e-02   5.14526367e-02
    1.85695529e-01   9.81081605e-01   1.08169675e-01   8.00510287e-01]
 [  8.04098368e-01   9.80246782e-01   4.67521548e-01   1.60586357e-01
    4.89615679e-01   3.60940337e-01   5.29127002e-01   4.83567238e-01]
 [  2.32564926e-01   7.98038363e-01   2.72059441e-01   5.46357155e-01
    3.77464175e-01   5.51853180e-01   6.50469184e-01   1.35046959e-01]
 [  7.22685337e-01   4.06832218e-01   5.64907670e-01   8.05932283e-02
    5.73664784e-01   3.71642113e-01   3.13304067e-01   9.78724718e-01]
 [  4.96638179e-01   4.80484843e-01   2.50069976e-01   9.23171878e-01
    2.41603971e-01   3.72018695e-01   9.19438601e-02   7.58041859e-01]
 [  4.63157177e-01   6.84113264e-01   8.54722500e-01   1.09009862e-01
    9.66129065e-01   5.21881819e-01   4.16324019e-01   2.47491002e-01]
 [  8.84673715e-01   5.39250374e-02   2.93466687e-01   3.79739404e-01
    7.45734572e-01   8.52481246e-01   5.80601692e-01   5.44593692e-01]
 [  8.99852157e-01   4.24650788e-01   9.20918345e-01   2.97534585e-01
    6.87947989e-01   9.83936429e-01   1.71020746e-01   8.25108409e-01]
 [  9.77783799e-01   6.61708117e-01   1.93872094e-01   2.73086309e-01
    8.88919950e-01   3.51884604e-01   1.01940870e-01   9.60422635e-01]]
Variable:  full_connect2/b:0
Shape:  (8,)
[ 0.75444102  0.34088123  0.06001496  0.51779187  0.36754131  0.55075443
  0.44714391  0.27995276]
Variable:  output/W:0
Shape:  (8, 2)
[[ 0.84584558  0.19643354]
 [ 0.67929232  0.39450514]
 [ 0.66531646  0.54253614]
 [ 0.79530454  0.13905632]
 [ 0.51834333  0.47639871]
 [ 0.58161747  0.03948224]
 [ 0.47905314  0.53203726]
 [ 0.91294026  0.9671731 ]]
Variable:  output/b:0
Shape:  (2,)
[ 0.89420152  0.01554918]
train
1 Loss= 0.402562 acc: 0.908203AUC=
0.978759765625
AUC_other=
0.978759765625
2 Loss= 0.411277 acc: 0.909180AUC=
0.958794593811
AUC_other=
0.958794593811
3 Loss= 0.423904 acc: 0.909180AUC=
0.933255195618
AUC_other=
0.933255195618
4 Loss= 0.442304 acc: 0.909180AUC=
0.87136220932
AUC_other=
0.87136220932
5 Loss= 0.443642 acc: 0.909180AUC=
0.865543365479
AUC_other=
0.865543365479
6 Loss= 0.425196 acc: 0.909180AUC=
0.918633460999
AUC_other=
0.918633460999
7 Loss= 0.437000 acc: 0.909180AUC=
0.885436534882
AUC_other=
0.885436534882
8 Loss= 0.441562 acc: 0.909180AUC=
0.867552757263
AUC_other=
0.867552757263
9 Loss= 0.435772 acc: 0.909180AUC=
0.895267009735
AUC_other=
0.895267009735
10 Loss= 0.436530 acc: 0.909180AUC=
0.881154060364
AUC_other=
0.881154060364
11 Loss= 0.432487 acc: 0.909180AUC=
0.893898487091
AUC_other=
0.893898487091
12 Loss= 0.439388 acc: 0.908203AUC=
0.872192382812
AUC_other=
0.872192382812
13 Loss= 0.428021 acc: 0.909180AUC=
0.917789459229
AUC_other=
0.917789459229
14 Loss= 0.417873 acc: 0.909180AUC=
0.940033435822
AUC_other=
0.940033435822
15 Loss= 0.424453 acc: 0.909180AUC=
0.914865016937
AUC_other=
0.914865016937
16 Loss= 0.430499 acc: 0.909180AUC=
0.889915466309
AUC_other=
0.889915466309
17 Loss= 0.424221 acc: 0.909180AUC=
0.910378456116
AUC_other=
0.910378456116
18 Loss= 0.421032 acc: 0.909180AUC=
0.922542095184
AUC_other=
0.922542095184
19 Loss= 0.431003 acc: 0.909180AUC=
0.889892578125
AUC_other=
0.889892578125
20 Loss= 0.434651 acc: 0.909180AUC=
0.881361484528
AUC_other=
0.881361484528
21 Loss= 0.437134 acc: 0.909180AUC=
0.867594242096
AUC_other=
0.867594242096
22 Loss= 0.436551 acc: 0.909180AUC=
0.867939472198
AUC_other=
0.867939472198
23 Loss= 0.435329 acc: 0.908203AUC=
0.874088764191
AUC_other=
0.874088764191
24 Loss= 0.425264 acc: 0.909180AUC=
0.902240753174
AUC_other=
0.902240753174
25 Loss= 0.425409 acc: 0.909180AUC=
0.90172624588
AUC_other=
0.90172624588
26 Loss= 0.433394 acc: 0.909180AUC=
0.879214763641
AUC_other=
0.879214763641
27 Loss= 0.427071 acc: 0.909180AUC=
0.892457008362
AUC_other=
0.892457008362
28 Loss= 0.418644 acc: 0.909180AUC=
0.924313545227
AUC_other=
0.924313545227
29 Loss= 0.423396 acc: 0.909180AUC=
0.907752990723
AUC_other=
0.907752990723
30 Loss= 0.418743 acc: 0.909180AUC=
0.92362165451
AUC_other=
0.92362165451
31 Loss= 0.422210 acc: 0.909180AUC=
0.908877849579
AUC_other=
0.908877849579
32 Loss= 0.423343 acc: 0.909180AUC=
0.903335094452
AUC_other=
0.903335094452
33 Loss= 0.419394 acc: 0.909180AUC=
0.915764331818
AUC_other=
0.915764331818
34 Loss= 0.418703 acc: 0.908203AUC=
0.921476364136
AUC_other=
0.921476364136
35 Loss= 0.420960 acc: 0.909180AUC=
0.913182735443
AUC_other=
0.913182735443
36 Loss= 0.420335 acc: 0.909180AUC=
0.913992404938
AUC_other=
0.913992404938
37 Loss= 0.420792 acc: 0.909180AUC=
0.909249305725
AUC_other=
0.909249305725
38 Loss= 0.421415 acc: 0.909180AUC=
0.9086561203
AUC_other=
0.9086561203
39 Loss= 0.418622 acc: 0.909180AUC=
0.914445400238
AUC_other=
0.914445400238
40 Loss= 0.416251 acc: 0.909180AUC=
0.922833442688
AUC_other=
0.922833442688
41 Loss= 0.414410 acc: 0.909180AUC=
0.925454616547
AUC_other=
0.925454616547
42 Loss= 0.415180 acc: 0.909180AUC=
0.927404880524
AUC_other=
0.927404880524
43 Loss= 0.414738 acc: 0.909180AUC=
0.926894664764
AUC_other=
0.926894664764
44 Loss= 0.413331 acc: 0.909180AUC=
0.935530662537
AUC_other=
0.935530662537
45 Loss= 0.416089 acc: 0.908203AUC=
0.931440353394
AUC_other=
0.931440353394
46 Loss= 0.416818 acc: 0.909180AUC=
0.920685768127
AUC_other=
0.920685768127
47 Loss= 0.419250 acc: 0.909180AUC=
0.91201543808
AUC_other=
0.91201543808
48 Loss= 0.419140 acc: 0.909180AUC=
0.910727977753
AUC_other=
0.910727977753
49 Loss= 0.416892 acc: 0.909180AUC=
0.914278507233
AUC_other=
0.914278507233
50 Loss= 0.412525 acc: 0.909180AUC=
0.930827140808
AUC_other=
0.930827140808
50
valoss= 0.416119 , vaacc= 0.90820AUC=
0.918563842773
AUC_other=
0.918563842773
valoss= 0.416877 , vaacc= 0.90918AUC=
0.915232658386
AUC_other=
0.915232658386
valoss= 0.422910 , vaacc= 0.90918AUC=
0.896127700806
AUC_other=
0.896127700806
valoss= 0.421791 , vaacc= 0.90918AUC=
0.894108772278
AUC_other=
0.894108772278
valoss= 0.422247 , vaacc= 0.90918AUC=
0.898137569427
AUC_other=
0.898137569427
valoss= 0.421355 , vaacc= 0.90918AUC=
0.901439189911
AUC_other=
0.901439189911
valoss= 0.415577 , vaacc= 0.90918AUC=
0.913661003113
AUC_other=
0.913661003113
valoss= 0.418312 , vaacc= 0.90918AUC=
0.913938522339
AUC_other=
0.913938522339
valoss= 0.417932 , vaacc= 0.90918AUC=
0.913735389709
AUC_other=
0.913735389709
valoss= 0.418901 , vaacc= 0.90918AUC=
0.91397190094
AUC_other=
0.91397190094
valoss= 0.422598 , vaacc= 0.90430AUC=
0.903493881226
AUC_other=
0.903493881226
vaacc= 0.90865
51 Loss= 0.409856 acc: 0.909180AUC=
0.935523986816
AUC_other=
0.935523986816
52 Loss= 0.413107 acc: 0.909180AUC=
0.926084518433
AUC_other=
0.926084518433
53 Loss= 0.415185 acc: 0.909180AUC=
0.918942451477
AUC_other=
0.918942451477
54 Loss= 0.409657 acc: 0.909180AUC=
0.93359375
AUC_other=
0.93359375
55 Loss= 0.410893 acc: 0.909180AUC=
0.935697555542
AUC_other=
0.935697555542
56 Loss= 0.413475 acc: 0.908203AUC=
0.927539825439
AUC_other=
0.927539825439
57 Loss= 0.408127 acc: 0.909180AUC=
0.940874099731
AUC_other=
0.940874099731
58 Loss= 0.408983 acc: 0.909180AUC=
0.94034910202
AUC_other=
0.94034910202
59 Loss= 0.414594 acc: 0.909180AUC=
0.924527168274
AUC_other=
0.924527168274
60 Loss= 0.416377 acc: 0.909180AUC=
0.914258003235
AUC_other=
0.914258003235
61 Loss= 0.417200 acc: 0.909180AUC=
0.910190105438
AUC_other=
0.910190105438
62 Loss= 0.412730 acc: 0.909180AUC=
0.92168712616
AUC_other=
0.92168712616
63 Loss= 0.409524 acc: 0.909180AUC=
0.93651008606
AUC_other=
0.93651008606
64 Loss= 0.413059 acc: 0.909180AUC=
0.922331809998
AUC_other=
0.922331809998
65 Loss= 0.414272 acc: 0.909180AUC=
0.918399810791
AUC_other=
0.918399810791
66 Loss= 0.416325 acc: 0.909180AUC=
0.912819862366
AUC_other=
0.912819862366
67 Loss= 0.416666 acc: 0.908203AUC=
0.911611557007
AUC_other=
0.911611557007
68 Loss= 0.416552 acc: 0.909180AUC=
0.910526275635
AUC_other=
0.910526275635
69 Loss= 0.412272 acc: 0.909180AUC=
0.923111915588
AUC_other=
0.923111915588
70 Loss= 0.409029 acc: 0.909180AUC=
0.935861587524
AUC_other=
0.935861587524
71 Loss= 0.416890 acc: 0.909180AUC=
0.906067848206
AUC_other=
0.906067848206
72 Loss= 0.411843 acc: 0.909180AUC=
0.920516967773
AUC_other=
0.920516967773
73 Loss= 0.411164 acc: 0.909180AUC=
0.927407264709
AUC_other=
0.927407264709
74 Loss= 0.409479 acc: 0.909180AUC=
0.933529853821
AUC_other=
0.933529853821
75 Loss= 0.414185 acc: 0.909180AUC=
0.916409492493
AUC_other=
0.916409492493
76 Loss= 0.416928 acc: 0.909180AUC=
0.914839744568
AUC_other=
0.914839744568
77 Loss= 0.411710 acc: 0.909180AUC=
0.927020072937
AUC_other=
0.927020072937
78 Loss= 0.412608 acc: 0.908203AUC=
0.922477722168
AUC_other=
0.922477722168
79 Loss= 0.411514 acc: 0.909180AUC=
0.921510219574
AUC_other=
0.921510219574
80 Loss= 0.409894 acc: 0.909180AUC=
0.929931640625
AUC_other=
0.929931640625
81 Loss= 0.410664 acc: 0.909180AUC=
0.929688930511
AUC_other=
0.929688930511
82 Loss= 0.410448 acc: 0.909180AUC=
0.928833961487
AUC_other=
0.928833961487
83 Loss= 0.407925 acc: 0.909180AUC=
0.933362960815
AUC_other=
0.933362960815
84 Loss= 0.409298 acc: 0.909180AUC=
0.928385734558
AUC_other=
0.928385734558
85 Loss= 0.406402 acc: 0.909180AUC=
0.938242912292
AUC_other=
0.938242912292
86 Loss= 0.413033 acc: 0.909180AUC=
0.92040348053
AUC_other=
0.92040348053
87 Loss= 0.406211 acc: 0.909180AUC=
0.937495231628
AUC_other=
0.937495231628
88 Loss= 0.405656 acc: 0.909180AUC=
0.940302848816
AUC_other=
0.940302848816
89 Loss= 0.406731 acc: 0.908203AUC=
0.93968629837
AUC_other=
0.93968629837
90 Loss= 0.402774 acc: 0.909180AUC=
0.949957847595
AUC_other=
0.949957847595
91 Loss= 0.396991 acc: 0.909180AUC=
0.963105201721
AUC_other=
0.963105201721
92 Loss= 0.408495 acc: 0.909180AUC=
0.932072639465
AUC_other=
0.932072639465
93 Loss= 0.417064 acc: 0.909180AUC=
0.89900970459
AUC_other=
0.89900970459
94 Loss= 0.413884 acc: 0.909180AUC=
0.906821727753
AUC_other=
0.906821727753
95 Loss= 0.416158 acc: 0.909180AUC=
0.908781528473
AUC_other=
0.908781528473
96 Loss= 0.418594 acc: 0.909180AUC=
0.900339126587
AUC_other=
0.900339126587
97 Loss= 0.418610 acc: 0.909180AUC=
0.898331642151
AUC_other=
0.898331642151
98 Loss= 0.417402 acc: 0.909180AUC=
0.904120922089
AUC_other=
0.904120922089
99 Loss= 0.414096 acc: 0.909180AUC=
0.91352558136
AUC_other=
0.91352558136
100 Loss= 0.410842 acc: 0.908203AUC=
0.927398681641
AUC_other=
0.927398681641
100
valoss= 0.393944 , vaacc= 0.91992AUC=
0.957025527954
AUC_other=
0.957025527954
valoss= 0.390329 , vaacc= 0.92383AUC=
0.95733833313
AUC_other=
0.95733833313
valoss= 0.411423 , vaacc= 0.89746AUC=
0.942610740662
AUC_other=
0.942610740662
valoss= 0.410472 , vaacc= 0.90137AUC=
0.936114311218
AUC_other=
0.936114311218
valoss= 0.416425 , vaacc= 0.89648AUC=
0.927591323853
AUC_other=
0.927591323853
valoss= 0.397600 , vaacc= 0.91504AUC=
0.955386161804
AUC_other=
0.955386161804
valoss= 0.408321 , vaacc= 0.90723AUC=
0.937836647034
AUC_other=
0.937836647034
valoss= 0.397563 , vaacc= 0.92090AUC=
0.94163942337
AUC_other=
0.94163942337
valoss= 0.407229 , vaacc= 0.90332AUC=
0.946534156799
AUC_other=
0.946534156799
valoss= 0.394280 , vaacc= 0.92285AUC=
0.948824882507
AUC_other=
0.948824882507
valoss= 0.401969 , vaacc= 0.90918AUC=
0.949075698853
AUC_other=
0.949075698853
vaacc= 0.91069
101 Loss= 0.415465 acc: 0.909180AUC=
0.905087471008
AUC_other=
0.905087471008
102 Loss= 0.408631 acc: 0.909180AUC=
0.929339408875
AUC_other=
0.929339408875
103 Loss= 0.404354 acc: 0.909180AUC=
0.943528175354
AUC_other=
0.943528175354
104 Loss= 0.400006 acc: 0.909180AUC=
0.955143928528
AUC_other=
0.955143928528
105 Loss= 0.398900 acc: 0.909180AUC=
0.955955028534
AUC_other=
0.955955028534
106 Loss= 0.406323 acc: 0.909180AUC=
0.936888694763
AUC_other=
0.936888694763
107 Loss= 0.399787 acc: 0.909180AUC=
0.957341194153
AUC_other=
0.957341194153
108 Loss= 0.405817 acc: 0.909180AUC=
0.936366081238
AUC_other=
0.936366081238
109 Loss= 0.402749 acc: 0.909180AUC=
0.949566841125
AUC_other=
0.949566841125
110 Loss= 0.407009 acc: 0.909180AUC=
0.934789657593
AUC_other=
0.934789657593
111 Loss= 0.407992 acc: 0.908203AUC=
0.937055587769
AUC_other=
0.937055587769
112 Loss= 0.406896 acc: 0.909180AUC=
0.930228233337
AUC_other=
0.930228233337
113 Loss= 0.404602 acc: 0.909180AUC=
0.943560600281
AUC_other=
0.943560600281
114 Loss= 0.403728 acc: 0.909180AUC=
0.943232536316
AUC_other=
0.943232536316
115 Loss= 0.400135 acc: 0.909180AUC=
0.955865859985
AUC_other=
0.955865859985
116 Loss= 0.404374 acc: 0.909180AUC=
0.944071769714
AUC_other=
0.944071769714
117 Loss= 0.404282 acc: 0.909180AUC=
0.940403938293
AUC_other=
0.940403938293
118 Loss= 0.404173 acc: 0.909180AUC=
0.943747520447
AUC_other=
0.943747520447
119 Loss= 0.406738 acc: 0.909180AUC=
0.934666633606
AUC_other=
0.934666633606
120 Loss= 0.401927 acc: 0.909180AUC=
0.949875831604
AUC_other=
0.949875831604
121 Loss= 0.405256 acc: 0.909180AUC=
0.941849708557
AUC_other=
0.941849708557
122 Loss= 0.408826 acc: 0.908203AUC=
0.929044723511
AUC_other=
0.929044723511
123 Loss= 0.403214 acc: 0.909180AUC=
0.946403503418
AUC_other=
0.946403503418
124 Loss= 0.402895 acc: 0.909180AUC=
0.948596954346
AUC_other=
0.948596954346
125 Loss= 0.407721 acc: 0.909180AUC=
0.92834186554
AUC_other=
0.92834186554
126 Loss= 0.412153 acc: 0.909180AUC=
0.9198179245
AUC_other=
0.9198179245
127 Loss= 0.407620 acc: 0.909180AUC=
0.931010246277
AUC_other=
0.931010246277
128 Loss= 0.414364 acc: 0.909180AUC=
0.911107063293
AUC_other=
0.911107063293
129 Loss= 0.411296 acc: 0.909180AUC=
0.918305397034
AUC_other=
0.918305397034
130 Loss= 0.406228 acc: 0.909180AUC=
0.934935569763
AUC_other=
0.934935569763
131 Loss= 0.402400 acc: 0.909180AUC=
0.946675300598
AUC_other=
0.946675300598
132 Loss= 0.405221 acc: 0.909180AUC=
0.937415122986
AUC_other=
0.937415122986
133 Loss= 0.406061 acc: 0.908203AUC=
0.933948516846
AUC_other=
0.933948516846
134 Loss= 0.406197 acc: 0.909180AUC=
0.936184883118
AUC_other=
0.936184883118
135 Loss= 0.407279 acc: 0.909180AUC=
0.9327917099
AUC_other=
0.9327917099
136 Loss= 0.408176 acc: 0.909180AUC=
0.93123626709
AUC_other=
0.93123626709
137 Loss= 0.407739 acc: 0.909180AUC=
0.925906181335
AUC_other=
0.925906181335
138 Loss= 0.409585 acc: 0.909180AUC=
0.921499252319
AUC_other=
0.921499252319
139 Loss= 0.408429 acc: 0.909180AUC=
0.929287910461
AUC_other=
0.929287910461
140 Loss= 0.411470 acc: 0.909180AUC=
0.920126914978
AUC_other=
0.920126914978
141 Loss= 0.409019 acc: 0.909180AUC=
0.924856185913
AUC_other=
0.924856185913
142 Loss= 0.414432 acc: 0.909180AUC=
0.910359382629
AUC_other=
0.910359382629
143 Loss= 0.406680 acc: 0.909180AUC=
0.933407306671
AUC_other=
0.933407306671
144 Loss= 0.404061 acc: 0.908203AUC=
0.94447517395
AUC_other=
0.94447517395
145 Loss= 0.397907 acc: 0.909180AUC=
0.959092140198
AUC_other=
0.959092140198
146 Loss= 0.404502 acc: 0.909180AUC=
0.941874504089
AUC_other=
0.941874504089
147 Loss= 0.403495 acc: 0.909180AUC=
0.942225456238
AUC_other=
0.942225456238
148 Loss= 0.404392 acc: 0.909180AUC=
0.937331199646
AUC_other=
0.937331199646
149 Loss= 0.402655 acc: 0.909180AUC=
0.94847202301
AUC_other=
0.94847202301
150 Loss= 0.399220 acc: 0.909180AUC=
0.954639434814
AUC_other=
0.954639434814
150
valoss= 0.406675 , vaacc= 0.90430AUC=
0.944952011108
AUC_other=
0.944952011108
valoss= 0.404214 , vaacc= 0.90820AUC=
0.939599990845
AUC_other=
0.939599990845
valoss= 0.397998 , vaacc= 0.91504AUC=
0.946740150452
AUC_other=
0.946740150452
valoss= 0.398560 , vaacc= 0.91406AUC=
0.944995880127
AUC_other=
0.944995880127
valoss= 0.406094 , vaacc= 0.90430AUC=
0.947889328003
AUC_other=
0.947889328003
valoss= 0.402682 , vaacc= 0.90918AUC=
0.946290016174
AUC_other=
0.946290016174
valoss= 0.406386 , vaacc= 0.90332AUC=
0.946969985962
AUC_other=
0.946969985962
valoss= 0.404086 , vaacc= 0.90723AUC=
0.942671775818
AUC_other=
0.942671775818
valoss= 0.402845 , vaacc= 0.91016AUC=
0.940690994263
AUC_other=
0.940690994263
valoss= 0.407532 , vaacc= 0.90332AUC=
0.94326877594
AUC_other=
0.94326877594
valoss= 0.394337 , vaacc= 0.91992AUC=
0.948595046997
AUC_other=
0.948595046997
vaacc= 0.90900
151 Loss= 0.392427 acc: 0.909180AUC=
0.970198631287
AUC_other=
0.970198631287
152 Loss= 0.368975 acc: 0.909180AUC=
0.976183891296
AUC_other=
0.976183891296
153 Loss= 0.366072 acc: 0.909180AUC=
0.983149528503
AUC_other=
0.983149528503
154 Loss= 0.366894 acc: 0.909180AUC=
0.986964225769
AUC_other=
0.986964225769
155 Loss= 0.366251 acc: 0.908203AUC=
0.987543106079
AUC_other=
0.987543106079
156 Loss= 0.364687 acc: 0.909180AUC=
0.984648704529
AUC_other=
0.984648704529
157 Loss= 0.363901 acc: 0.909180AUC=
0.987391471863
AUC_other=
0.987391471863
158 Loss= 0.363200 acc: 0.909180AUC=
0.98997592926
AUC_other=
0.98997592926
159 Loss= 0.363776 acc: 0.909180AUC=
0.98997592926
AUC_other=
0.98997592926
160 Loss= 0.362822 acc: 0.909180AUC=
0.990733146667
AUC_other=
0.990733146667
161 Loss= 0.363109 acc: 0.909180AUC=
0.988200187683
AUC_other=
0.988200187683
162 Loss= 0.362676 acc: 0.909180AUC=
0.990200996399
AUC_other=
0.990200996399
163 Loss= 0.362896 acc: 0.909180AUC=
0.991751670837
AUC_other=
0.991751670837
164 Loss= 0.362327 acc: 0.909180AUC=
0.991751670837
AUC_other=
0.991751670837
165 Loss= 0.362340 acc: 0.909180AUC=
0.991751670837
AUC_other=
0.991751670837
166 Loss= 0.362781 acc: 0.908203AUC=
0.99157333374
AUC_other=
0.99157333374
167 Loss= 0.362383 acc: 0.909180AUC=
0.98997592926
AUC_other=
0.98997592926
168 Loss= 0.362031 acc: 0.909180AUC=
0.991751670837
AUC_other=
0.991751670837
169 Loss= 0.362019 acc: 0.909180AUC=
0.991751670837
AUC_other=
0.991751670837
170 Loss= 0.362327 acc: 0.909180AUC=
0.991654396057
AUC_other=
0.991654396057
171 Loss= 0.362223 acc: 0.909180AUC=
0.99095249176
AUC_other=
0.99095249176
172 Loss= 0.362274 acc: 0.909180AUC=
0.991751670837
AUC_other=
0.991751670837
173 Loss= 0.361922 acc: 0.909180AUC=
0.991751670837
AUC_other=
0.991751670837
174 Loss= 0.362100 acc: 0.909180AUC=
0.991751670837
AUC_other=
0.991751670837
175 Loss= 0.361852 acc: 0.909180AUC=
0.991751670837
AUC_other=
0.991751670837
176 Loss= 0.361823 acc: 0.909180AUC=
0.991751670837
AUC_other=
0.991751670837
177 Loss= 0.362484 acc: 0.908203AUC=
0.99157333374
AUC_other=
0.99157333374
178 Loss= 0.361801 acc: 0.909180AUC=
0.991751670837
AUC_other=
0.991751670837
179 Loss= 0.361765 acc: 0.909180AUC=
0.991751670837
AUC_other=
0.991751670837
180 Loss= 0.361948 acc: 0.909180AUC=
0.991751670837
AUC_other=
0.991751670837
181 Loss= 0.361729 acc: 0.909180AUC=
0.991751670837
AUC_other=
0.991751670837
182 Loss= 0.361705 acc: 0.909180AUC=
0.991751670837
AUC_other=
0.991751670837
183 Loss= 0.361718 acc: 0.909180AUC=
0.991751670837
AUC_other=
0.991751670837
184 Loss= 0.361696 acc: 0.909180AUC=
0.991751670837
AUC_other=
0.991751670837
185 Loss= 0.361642 acc: 0.909180AUC=
0.991751670837
AUC_other=
0.991751670837
186 Loss= 0.361628 acc: 0.909180AUC=
0.991751670837
AUC_other=
0.991751670837
187 Loss= 0.361868 acc: 0.909180AUC=
0.991751670837
AUC_other=
0.991751670837
188 Loss= 0.362306 acc: 0.908203AUC=
0.99157333374
AUC_other=
0.99157333374
189 Loss= 0.361593 acc: 0.909180AUC=
0.991751670837
AUC_other=
0.991751670837
190 Loss= 0.361576 acc: 0.909180AUC=
0.991751670837
AUC_other=
0.991751670837
191 Loss= 0.361564 acc: 0.909180AUC=
0.991751670837
AUC_other=
0.991751670837
192 Loss= 0.361547 acc: 0.909180AUC=
0.991751670837
AUC_other=
0.991751670837
193 Loss= 0.361531 acc: 0.909180AUC=
0.991751670837
AUC_other=
0.991751670837
194 Loss= 0.361541 acc: 0.909180AUC=
0.991751670837
AUC_other=
0.991751670837
195 Loss= 0.361498 acc: 0.909180AUC=
0.991751670837
AUC_other=
0.991751670837
196 Loss= 0.361510 acc: 0.909180AUC=
0.991751670837
AUC_other=
0.991751670837
197 Loss= 0.361475 acc: 0.909180AUC=
0.991751670837
AUC_other=
0.991751670837
198 Loss= 0.361510 acc: 0.909180AUC=
0.991751670837
AUC_other=
0.991751670837
199 Loss= 0.362127 acc: 0.908203AUC=
0.99157333374
AUC_other=
0.99157333374
200 Loss= 0.361430 acc: 0.909180AUC=
0.991751670837
AUC_other=
0.991751670837
200
valoss= 0.407978 , vaacc= 0.90430AUC=
0.9351811409
AUC_other=
0.9351811409
valoss= 0.394526 , vaacc= 0.91699AUC=
0.951640129089
AUC_other=
0.951640129089
valoss= 0.404158 , vaacc= 0.90430AUC=
0.950042724609
AUC_other=
0.950042724609
valoss= 0.407642 , vaacc= 0.90234AUC=
0.943307876587
AUC_other=
0.943307876587
valoss= 0.397857 , vaacc= 0.91113AUC=
0.952996253967
AUC_other=
0.952996253967
valoss= 0.396735 , vaacc= 0.91406AUC=
0.949841022491
AUC_other=
0.949841022491
valoss= 0.400748 , vaacc= 0.91113AUC=
0.947506904602
AUC_other=
0.947506904602
valoss= 0.400489 , vaacc= 0.91113AUC=
0.945380210876
AUC_other=
0.945380210876
valoss= 0.397690 , vaacc= 0.91504AUC=
0.950776100159
AUC_other=
0.950776100159
valoss= 0.391630 , vaacc= 0.91699AUC=
0.960965156555
AUC_other=
0.960965156555
valoss= 0.404484 , vaacc= 0.90820AUC=
0.934701919556
AUC_other=
0.934701919556
vaacc= 0.91051
201 Loss= 0.361423 acc: 0.909180AUC=
0.991751670837
AUC_other=
0.991751670837
202 Loss= 0.361434 acc: 0.909180AUC=
0.991751670837
AUC_other=
0.991751670837
203 Loss= 0.361406 acc: 0.909180AUC=
0.991751670837
AUC_other=
0.991751670837
204 Loss= 0.361724 acc: 0.909180AUC=
0.98997592926
AUC_other=
0.98997592926
205 Loss= 0.361376 acc: 0.909180AUC=
0.991751670837
AUC_other=
0.991751670837
206 Loss= 0.361377 acc: 0.909180AUC=
0.991751670837
AUC_other=
0.991751670837
207 Loss= 0.361363 acc: 0.909180AUC=
0.991751670837
AUC_other=
0.991751670837
208 Loss= 0.395860 acc: 0.909180AUC=
0.968071937561
AUC_other=
0.968071937561
209 Loss= 0.404873 acc: 0.909180AUC=
0.940358161926
AUC_other=
0.940358161926
210 Loss= 0.414257 acc: 0.908203AUC=
0.905741214752
AUC_other=
0.905741214752
211 Loss= 0.408067 acc: 0.909180AUC=
0.926692008972
AUC_other=
0.926692008972
212 Loss= 0.411354 acc: 0.909180AUC=
0.917625427246
AUC_other=
0.917625427246
213 Loss= 0.410079 acc: 0.909180AUC=
0.92351436615
AUC_other=
0.92351436615
214 Loss= 0.413420 acc: 0.909180AUC=
0.915254592896
AUC_other=
0.915254592896
215 Loss= 0.412906 acc: 0.909180AUC=
0.912816047668
AUC_other=
0.912816047668
216 Loss= 0.407760 acc: 0.909180AUC=
0.928606987
AUC_other=
0.928606987
217 Loss= 0.406400 acc: 0.909180AUC=
0.932896614075
AUC_other=
0.932896614075
218 Loss= 0.411890 acc: 0.909180AUC=
0.920845985413
AUC_other=
0.920845985413
219 Loss= 0.406047 acc: 0.909180AUC=
0.93554019928
AUC_other=
0.93554019928
220 Loss= 0.404864 acc: 0.909180AUC=
0.938896656036
AUC_other=
0.938896656036
221 Loss= 0.406375 acc: 0.908203AUC=
0.932723999023
AUC_other=
0.932723999023
222 Loss= 0.407611 acc: 0.909180AUC=
0.929352760315
AUC_other=
0.929352760315
223 Loss= 0.408180 acc: 0.909180AUC=
0.92934513092
AUC_other=
0.92934513092
224 Loss= 0.408323 acc: 0.909180AUC=
0.924880027771
AUC_other=
0.924880027771
225 Loss= 0.404239 acc: 0.909180AUC=
0.938862800598
AUC_other=
0.938862800598
226 Loss= 0.404581 acc: 0.909180AUC=
0.93958568573
AUC_other=
0.93958568573
227 Loss= 0.396764 acc: 0.909180AUC=
0.960240364075
AUC_other=
0.960240364075
228 Loss= 0.403159 acc: 0.909180AUC=
0.94251537323
AUC_other=
0.94251537323
229 Loss= 0.399165 acc: 0.909180AUC=
0.95800113678
AUC_other=
0.95800113678
230 Loss= 0.402146 acc: 0.909180AUC=
0.947354316711
AUC_other=
0.947354316711
231 Loss= 0.409670 acc: 0.909180AUC=
0.922911643982
AUC_other=
0.922911643982
232 Loss= 0.405043 acc: 0.908203AUC=
0.937814712524
AUC_other=
0.937814712524
233 Loss= 0.408114 acc: 0.909180AUC=
0.924380302429
AUC_other=
0.924380302429
234 Loss= 0.405590 acc: 0.909180AUC=
0.932512283325
AUC_other=
0.932512283325
235 Loss= 0.402852 acc: 0.909180AUC=
0.945281028748
AUC_other=
0.945281028748
236 Loss= 0.399703 acc: 0.909180AUC=
0.953523159027
AUC_other=
0.953523159027
237 Loss= 0.408500 acc: 0.909180AUC=
0.924166679382
AUC_other=
0.924166679382
238 Loss= 0.402623 acc: 0.909180AUC=
0.947803974152
AUC_other=
0.947803974152
239 Loss= 0.401393 acc: 0.909180AUC=
0.947661399841
AUC_other=
0.947661399841
240 Loss= 0.405460 acc: 0.909180AUC=
0.932801246643
AUC_other=
0.932801246643
241 Loss= 0.404217 acc: 0.909180AUC=
0.941592216492
AUC_other=
0.941592216492
242 Loss= 0.403433 acc: 0.909180AUC=
0.941668510437
AUC_other=
0.941668510437
243 Loss= 0.408570 acc: 0.908203AUC=
0.927639007568
AUC_other=
0.927639007568
244 Loss= 0.405047 acc: 0.909180AUC=
0.934140205383
AUC_other=
0.934140205383
245 Loss= 0.403285 acc: 0.909180AUC=
0.942221641541
AUC_other=
0.942221641541
246 Loss= 0.405192 acc: 0.909180AUC=
0.939314842224
AUC_other=
0.939314842224
247 Loss= 0.402961 acc: 0.909180AUC=
0.942204475403
AUC_other=
0.942204475403
248 Loss= 0.408117 acc: 0.909180AUC=
0.931147575378
AUC_other=
0.931147575378
249 Loss= 0.406215 acc: 0.909180AUC=
0.930557250977
AUC_other=
0.930557250977
250 Loss= 0.400336 acc: 0.909180AUC=
0.94714641571
AUC_other=
0.94714641571
250
valoss= 0.397752 , vaacc= 0.91406AUC=
0.948776245117
AUC_other=
0.948776245117
valoss= 0.396917 , vaacc= 0.91504AUC=
0.950938224792
AUC_other=
0.950938224792
valoss= 0.413112 , vaacc= 0.89648AUC=
0.933605194092
AUC_other=
0.933605194092
valoss= 0.406068 , vaacc= 0.90332AUC=
0.944706916809
AUC_other=
0.944706916809
valoss= 0.398421 , vaacc= 0.91406AUC=
0.945259571075
AUC_other=
0.945259571075
valoss= 0.410926 , vaacc= 0.89941AUC=
0.941061973572
AUC_other=
0.941061973572
valoss= 0.409879 , vaacc= 0.90234AUC=
0.935725688934
AUC_other=
0.935725688934
valoss= 0.402272 , vaacc= 0.91016AUC=
0.945865631104
AUC_other=
0.945865631104
valoss= 0.397630 , vaacc= 0.91406AUC=
0.94807434082
AUC_other=
0.94807434082
valoss= 0.396623 , vaacc= 0.91504AUC=
0.950915813446
AUC_other=
0.950915813446
valoss= 0.403631 , vaacc= 0.90625AUC=
0.943331241608
AUC_other=
0.943331241608
vaacc= 0.90820
251 Loss= 0.405286 acc: 0.909180AUC=
0.935943126678
AUC_other=
0.935943126678
252 Loss= 0.409397 acc: 0.909180AUC=
0.925986289978
AUC_other=
0.925986289978
253 Loss= 0.403548 acc: 0.909180AUC=
0.93722820282
AUC_other=
0.93722820282
254 Loss= 0.408041 acc: 0.908203AUC=
0.933169841766
AUC_other=
0.933169841766
255 Loss= 0.405146 acc: 0.909180AUC=
0.932999610901
AUC_other=
0.932999610901
256 Loss= 0.399395 acc: 0.909180AUC=
0.954014778137
AUC_other=
0.954014778137
257 Loss= 0.404940 acc: 0.909180AUC=
0.938239097595
AUC_other=
0.938239097595
258 Loss= 0.405775 acc: 0.909180AUC=
0.930410385132
AUC_other=
0.930410385132
259 Loss= 0.403193 acc: 0.909180AUC=
0.942967414856
AUC_other=
0.942967414856
260 Loss= 0.403681 acc: 0.909180AUC=
0.943945884705
AUC_other=
0.943945884705
261 Loss= 0.402356 acc: 0.909180AUC=
0.946716308594
AUC_other=
0.946716308594
262 Loss= 0.402208 acc: 0.909180AUC=
0.945364952087
AUC_other=
0.945364952087
263 Loss= 0.401960 acc: 0.909180AUC=
0.947163105011
AUC_other=
0.947163105011
264 Loss= 0.403894 acc: 0.909180AUC=
0.938248634338
AUC_other=
0.938248634338
265 Loss= 0.402565 acc: 0.908203AUC=
0.945528030396
AUC_other=
0.945528030396
266 Loss= 0.402141 acc: 0.909180AUC=
0.943208694458
AUC_other=
0.943208694458
267 Loss= 0.405169 acc: 0.909180AUC=
0.939209938049
AUC_other=
0.939209938049
268 Loss= 0.402897 acc: 0.909180AUC=
0.945660591125
AUC_other=
0.945660591125
269 Loss= 0.407612 acc: 0.909180AUC=
0.926901817322
AUC_other=
0.926901817322
270 Loss= 0.406195 acc: 0.909180AUC=
0.931942462921
AUC_other=
0.931942462921
271 Loss= 0.401255 acc: 0.909180AUC=
0.945952892303
AUC_other=
0.945952892303
272 Loss= 0.392427 acc: 0.909180AUC=
0.970669746399
AUC_other=
0.970669746399
273 Loss= 0.401348 acc: 0.909180AUC=
0.949042320251
AUC_other=
0.949042320251
274 Loss= 0.405407 acc: 0.909180AUC=
0.930529594421
AUC_other=
0.930529594421
275 Loss= 0.405159 acc: 0.909180AUC=
0.934293270111
AUC_other=
0.934293270111
276 Loss= 0.409874 acc: 0.908203AUC=
0.925405502319
AUC_other=
0.925405502319
277 Loss= 0.405199 acc: 0.909180AUC=
0.932600975037
AUC_other=
0.932600975037
278 Loss= 0.403483 acc: 0.909180AUC=
0.935635566711
AUC_other=
0.935635566711
279 Loss= 0.406375 acc: 0.909180AUC=
0.934502601624
AUC_other=
0.934502601624
280 Loss= 0.405338 acc: 0.909180AUC=
0.936325550079
AUC_other=
0.936325550079
281 Loss= 0.406677 acc: 0.909180AUC=
0.931729316711
AUC_other=
0.931729316711
282 Loss= 0.409383 acc: 0.909180AUC=
0.921284675598
AUC_other=
0.921284675598
283 Loss= 0.407131 acc: 0.909180AUC=
0.931020259857
AUC_other=
0.931020259857
284 Loss= 0.407962 acc: 0.909180AUC=
0.92956829071
AUC_other=
0.92956829071
285 Loss= 0.407627 acc: 0.909180AUC=
0.929476737976
AUC_other=
0.929476737976
286 Loss= 0.404888 acc: 0.909180AUC=
0.938117027283
AUC_other=
0.938117027283
287 Loss= 0.406231 acc: 0.908203AUC=
0.933322429657
AUC_other=
0.933322429657
288 Loss= 0.406914 acc: 0.909180AUC=
0.9311170578
AUC_other=
0.9311170578
289 Loss= 0.405116 acc: 0.909180AUC=
0.935688972473
AUC_other=
0.935688972473
290 Loss= 0.408354 acc: 0.909180AUC=
0.932140350342
AUC_other=
0.932140350342
291 Loss= 0.405623 acc: 0.909180AUC=
0.935743331909
AUC_other=
0.935743331909
292 Loss= 0.404643 acc: 0.909180AUC=
0.941605567932
AUC_other=
0.941605567932
293 Loss= 0.403646 acc: 0.909180AUC=
0.941279411316
AUC_other=
0.941279411316
294 Loss= 0.401389 acc: 0.909180AUC=
0.948409080505
AUC_other=
0.948409080505
295 Loss= 0.400496 acc: 0.909180AUC=
0.948880195618
AUC_other=
0.948880195618
296 Loss= 0.404062 acc: 0.909180AUC=
0.938038825989
AUC_other=
0.938038825989
297 Loss= 0.400414 acc: 0.909180AUC=
0.948983192444
AUC_other=
0.948983192444
298 Loss= 0.407865 acc: 0.908203AUC=
0.931783676147
AUC_other=
0.931783676147
299 Loss= 0.402401 acc: 0.909180AUC=
0.946413993835
AUC_other=
0.946413993835
300 Loss= 0.403042 acc: 0.909180AUC=
0.940913200378
AUC_other=
0.940913200378
300
valoss= 0.395970 , vaacc= 0.91797AUC=
0.949253082275
AUC_other=
0.949253082275
valoss= 0.398272 , vaacc= 0.91309AUC=
0.949329853058
AUC_other=
0.949329853058
valoss= 0.401347 , vaacc= 0.90820AUC=
0.945243835449
AUC_other=
0.945243835449
valoss= 0.393231 , vaacc= 0.91992AUC=
0.949577331543
AUC_other=
0.949577331543
valoss= 0.416240 , vaacc= 0.89258AUC=
0.938388824463
AUC_other=
0.938388824463
valoss= 0.387197 , vaacc= 0.92578AUC=
0.9564037323
AUC_other=
0.9564037323
valoss= 0.408727 , vaacc= 0.90332AUC=
0.93791103363
AUC_other=
0.93791103363
valoss= 0.398820 , vaacc= 0.91309AUC=
0.950470924377
AUC_other=
0.950470924377
valoss= 0.404729 , vaacc= 0.90820AUC=
0.943813323975
AUC_other=
0.943813323975
valoss= 0.412914 , vaacc= 0.89648AUC=
0.935092926025
AUC_other=
0.935092926025
valoss= 0.405027 , vaacc= 0.90820AUC=
0.941447734833
AUC_other=
0.941447734833
vaacc= 0.90971
301 Loss= 0.402555 acc: 0.909180AUC=
0.941369056702
AUC_other=
0.941369056702
302 Loss= 0.406389 acc: 0.909180AUC=
0.930491924286
AUC_other=
0.930491924286
303 Loss= 0.409214 acc: 0.909180AUC=
0.928755760193
AUC_other=
0.928755760193
304 Loss= 0.402322 acc: 0.909180AUC=
0.948971748352
AUC_other=
0.948971748352
305 Loss= 0.403436 acc: 0.909180AUC=
0.939166069031
AUC_other=
0.939166069031
306 Loss= 0.406304 acc: 0.909180AUC=
0.93232011795
AUC_other=
0.93232011795
307 Loss= 0.402774 acc: 0.909180AUC=
0.942631721497
AUC_other=
0.942631721497
308 Loss= 0.404829 acc: 0.909180AUC=
0.939781188965
AUC_other=
0.939781188965
309 Loss= 0.398339 acc: 0.908203AUC=
0.957324981689
AUC_other=
0.957324981689
310 Loss= 0.395991 acc: 0.909180AUC=
0.962550163269
AUC_other=
0.962550163269
311 Loss= 0.400523 acc: 0.909180AUC=
0.948365211487
AUC_other=
0.948365211487
312 Loss= 0.403620 acc: 0.909180AUC=
0.938496589661
AUC_other=
0.938496589661
313 Loss= 0.401617 acc: 0.909180AUC=
0.94470500946
AUC_other=
0.94470500946
314 Loss= 0.402738 acc: 0.909180AUC=
0.94386100769
AUC_other=
0.94386100769
315 Loss= 0.402381 acc: 0.909180AUC=
0.946188926697
AUC_other=
0.946188926697
316 Loss= 0.401697 acc: 0.909180AUC=
0.944081306458
AUC_other=
0.944081306458
317 Loss= 0.401686 acc: 0.909180AUC=
0.946002483368
AUC_other=
0.946002483368
318 Loss= 0.406172 acc: 0.909180AUC=
0.934599876404
AUC_other=
0.934599876404
319 Loss= 0.400731 acc: 0.909180AUC=
0.950085639954
AUC_other=
0.950085639954
320 Loss= 0.404584 acc: 0.908203AUC=
0.937511444092
AUC_other=
0.937511444092
321 Loss= 0.404562 acc: 0.909180AUC=
0.936275005341
AUC_other=
0.936275005341
322 Loss= 0.409461 acc: 0.909180AUC=
0.924376487732
AUC_other=
0.924376487732
323 Loss= 0.403625 acc: 0.909180AUC=
0.942016601562
AUC_other=
0.942016601562
324 Loss= 0.405782 acc: 0.909180AUC=
0.931164741516
AUC_other=
0.931164741516
325 Loss= 0.406069 acc: 0.909180AUC=
0.933859825134
AUC_other=
0.933859825134
326 Loss= 0.410022 acc: 0.909180AUC=
0.922591209412
AUC_other=
0.922591209412
327 Loss= 0.408818 acc: 0.909180AUC=
0.925687789917
AUC_other=
0.925687789917
328 Loss= 0.408427 acc: 0.909180AUC=
0.926085472107
AUC_other=
0.926085472107
329 Loss= 0.407433 acc: 0.909180AUC=
0.925417900085
AUC_other=
0.925417900085
330 Loss= 0.408891 acc: 0.909180AUC=
0.925763130188
AUC_other=
0.925763130188
331 Loss= 0.405825 acc: 0.908203AUC=
0.931873321533
AUC_other=
0.931873321533
332 Loss= 0.407331 acc: 0.909180AUC=
0.927075862885
AUC_other=
0.927075862885
333 Loss= 0.407715 acc: 0.909180AUC=
0.928363800049
AUC_other=
0.928363800049
334 Loss= 0.404684 acc: 0.909180AUC=
0.937201499939
AUC_other=
0.937201499939
335 Loss= 0.402301 acc: 0.909180AUC=
0.944134712219
AUC_other=
0.944134712219
336 Loss= 0.402847 acc: 0.909180AUC=
0.941123008728
AUC_other=
0.941123008728
337 Loss= 0.397504 acc: 0.909180AUC=
0.958025932312
AUC_other=
0.958025932312
338 Loss= 0.401543 acc: 0.909180AUC=
0.946448326111
AUC_other=
0.946448326111
339 Loss= 0.400893 acc: 0.909180AUC=
0.948893547058
AUC_other=
0.948893547058
340 Loss= 0.400756 acc: 0.909180AUC=
0.95085811615
AUC_other=
0.95085811615
341 Loss= 0.397961 acc: 0.909180AUC=
0.956837654114
AUC_other=
0.956837654114
342 Loss= 0.403290 acc: 0.908203AUC=
0.943665981293
AUC_other=
0.943665981293
343 Loss= 0.398173 acc: 0.909180AUC=
0.955292701721
AUC_other=
0.955292701721
344 Loss= 0.399328 acc: 0.909180AUC=
0.94996547699
AUC_other=
0.94996547699
345 Loss= 0.396085 acc: 0.909180AUC=
0.963642120361
AUC_other=
0.963642120361
346 Loss= 0.403075 acc: 0.909180AUC=
0.935544013977
AUC_other=
0.935544013977
347 Loss= 0.405461 acc: 0.909180AUC=
0.932225227356
AUC_other=
0.932225227356
348 Loss= 0.408770 acc: 0.909180AUC=
0.924525260925
AUC_other=
0.924525260925
349 Loss= 0.404316 acc: 0.909180AUC=
0.937108039856
AUC_other=
0.937108039856
350 Loss= 0.407459 acc: 0.909180AUC=
0.925513267517
AUC_other=
0.925513267517
350
valoss= 0.393123 , vaacc= 0.91992AUC=
0.954305648804
AUC_other=
0.954305648804
valoss= 0.400142 , vaacc= 0.90820AUC=
0.950986862183
AUC_other=
0.950986862183
valoss= 0.405421 , vaacc= 0.90332AUC=
0.945699214935
AUC_other=
0.945699214935
valoss= 0.404251 , vaacc= 0.90430AUC=
0.94760799408
AUC_other=
0.94760799408
valoss= 0.403434 , vaacc= 0.90527AUC=
0.948313713074
AUC_other=
0.948313713074
valoss= 0.406769 , vaacc= 0.90430AUC=
0.939043045044
AUC_other=
0.939043045044
valoss= 0.388494 , vaacc= 0.92578AUC=
0.952526092529
AUC_other=
0.952526092529
valoss= 0.403932 , vaacc= 0.90527AUC=
0.943445205688
AUC_other=
0.943445205688
valoss= 0.395447 , vaacc= 0.91602AUC=
0.949480056763
AUC_other=
0.949480056763
valoss= 0.395173 , vaacc= 0.91602AUC=
0.951629638672
AUC_other=
0.951629638672
valoss= 0.413200 , vaacc= 0.89844AUC=
0.935146331787
AUC_other=
0.935146331787
vaacc= 0.90971
351 Loss= 0.403246 acc: 0.909180AUC=
0.940573215485
AUC_other=
0.940573215485
352 Loss= 0.404402 acc: 0.909180AUC=
0.93608045578
AUC_other=
0.93608045578
353 Loss= 0.406323 acc: 0.908203AUC=
0.937580108643
AUC_other=
0.937580108643
354 Loss= 0.403325 acc: 0.909180AUC=
0.939149856567
AUC_other=
0.939149856567
355 Loss= 0.402997 acc: 0.909180AUC=
0.940567970276
AUC_other=
0.940567970276
356 Loss= 0.408149 acc: 0.909180AUC=
0.925152778625
AUC_other=
0.925152778625
357 Loss= 0.400759 acc: 0.909180AUC=
0.947598457336
AUC_other=
0.947598457336
358 Loss= 0.407382 acc: 0.909180AUC=
0.9318151474
AUC_other=
0.9318151474
359 Loss= 0.405626 acc: 0.909180AUC=
0.937844276428
AUC_other=
0.937844276428
360 Loss= 0.403032 acc: 0.909180AUC=
0.942259788513
AUC_other=
0.942259788513
361 Loss= 0.402136 acc: 0.909180AUC=
0.945285320282
AUC_other=
0.945285320282
362 Loss= 0.403142 acc: 0.909180AUC=
0.94589138031
AUC_other=
0.94589138031
363 Loss= 0.400169 acc: 0.909180AUC=
0.953698158264
AUC_other=
0.953698158264
364 Loss= 0.395981 acc: 0.908203AUC=
0.963619232178
AUC_other=
0.963619232178
365 Loss= 0.361190 acc: 0.909180AUC=
0.991751670837
AUC_other=
0.991751670837
366 Loss= 0.361334 acc: 0.909180AUC=
0.991751670837
AUC_other=
0.991751670837
367 Loss= 0.361200 acc: 0.909180AUC=
0.991751670837
AUC_other=
0.991751670837
368 Loss= 0.361174 acc: 0.909180AUC=
0.991751670837
AUC_other=
0.991751670837
369 Loss= 0.361170 acc: 0.909180AUC=
0.991751670837
AUC_other=
0.991751670837
370 Loss= 0.361179 acc: 0.909180AUC=
0.991751670837
AUC_other=
0.991751670837
371 Loss= 0.361166 acc: 0.909180AUC=
0.991751670837
AUC_other=
0.991751670837
372 Loss= 0.361476 acc: 0.909180AUC=
0.989979743958
AUC_other=
0.989979743958
373 Loss= 0.361174 acc: 0.909180AUC=
0.991751670837
AUC_other=
0.991751670837
374 Loss= 0.361168 acc: 0.909180AUC=
0.991751670837
AUC_other=
0.991751670837
375 Loss= 0.361954 acc: 0.908203AUC=
0.99157333374
AUC_other=
0.99157333374
376 Loss= 0.361170 acc: 0.909180AUC=
0.991751670837
AUC_other=
0.991751670837
377 Loss= 0.361185 acc: 0.909180AUC=
0.991751670837
AUC_other=
0.991751670837
378 Loss= 0.361179 acc: 0.909180AUC=
0.991751670837
AUC_other=
0.991751670837
379 Loss= 0.361172 acc: 0.909180AUC=
0.991751670837
AUC_other=
0.991751670837
380 Loss= 0.361175 acc: 0.909180AUC=
0.991751670837
AUC_other=
0.991751670837
381 Loss= 0.361167 acc: 0.909180AUC=
0.991751670837
AUC_other=
0.991751670837
382 Loss= 0.361164 acc: 0.909180AUC=
0.991751670837
AUC_other=
0.991751670837
383 Loss= 0.361164 acc: 0.909180AUC=
0.991751670837
AUC_other=
0.991751670837
384 Loss= 0.361172 acc: 0.909180AUC=
0.991751670837
AUC_other=
0.991751670837
385 Loss= 0.361169 acc: 0.909180AUC=
0.991751670837
AUC_other=
0.991751670837
386 Loss= 0.388328 acc: 0.908203AUC=
0.980220794678
AUC_other=
0.980220794678
387 Loss= 0.398893 acc: 0.909180AUC=
0.950850486755
AUC_other=
0.950850486755
388 Loss= 0.400281 acc: 0.909180AUC=
0.950322151184
AUC_other=
0.950322151184
389 Loss= 0.398463 acc: 0.909180AUC=
0.955620765686
AUC_other=
0.955620765686
390 Loss= 0.400602 acc: 0.909180AUC=
0.949019432068
AUC_other=
0.949019432068
391 Loss= 0.402693 acc: 0.909180AUC=
0.944066047668
AUC_other=
0.944066047668
392 Loss= 0.401138 acc: 0.909180AUC=
0.945685863495
AUC_other=
0.945685863495
393 Loss= 0.402217 acc: 0.909180AUC=
0.944876670837
AUC_other=
0.944876670837
394 Loss= 0.398845 acc: 0.909180AUC=
0.954016685486
AUC_other=
0.954016685486
395 Loss= 0.400371 acc: 0.909180AUC=
0.948412895203
AUC_other=
0.948412895203
396 Loss= 0.401505 acc: 0.909180AUC=
0.946810722351
AUC_other=
0.946810722351
397 Loss= 0.399878 acc: 0.908203AUC=
0.953102111816
AUC_other=
0.953102111816
398 Loss= 0.395944 acc: 0.909180AUC=
0.957486152649
AUC_other=
0.957486152649
399 Loss= 0.403475 acc: 0.909180AUC=
0.94251537323
AUC_other=
0.94251537323
400 Loss= 0.401062 acc: 0.909180AUC=
0.951003074646
AUC_other=
0.951003074646
400
valoss= 0.406091 , vaacc= 0.90332AUC=
0.941084861755
AUC_other=
0.941084861755
valoss= 0.389352 , vaacc= 0.92285AUC=
0.957251548767
AUC_other=
0.957251548767
valoss= 0.402879 , vaacc= 0.90527AUC=
0.946882724762
AUC_other=
0.946882724762
valoss= 0.389869 , vaacc= 0.92285AUC=
0.95766544342
AUC_other=
0.95766544342
valoss= 0.397847 , vaacc= 0.91211AUC=
0.953168869019
AUC_other=
0.953168869019
valoss= 0.408594 , vaacc= 0.90234AUC=
0.938491821289
AUC_other=
0.938491821289
valoss= 0.404579 , vaacc= 0.90625AUC=
0.943916320801
AUC_other=
0.943916320801
valoss= 0.399694 , vaacc= 0.91113AUC=
0.950100898743
AUC_other=
0.950100898743
valoss= 0.399038 , vaacc= 0.91504AUC=
0.947337150574
AUC_other=
0.947337150574
valoss= 0.410340 , vaacc= 0.89746AUC=
0.943358421326
AUC_other=
0.943358421326
valoss= 0.408772 , vaacc= 0.90430AUC=
0.936276912689
AUC_other=
0.936276912689
vaacc= 0.90936
401 Loss= 0.403564 acc: 0.909180AUC=
0.939709663391
AUC_other=
0.939709663391
402 Loss= 0.407878 acc: 0.909180AUC=
0.926524162292
AUC_other=
0.926524162292
403 Loss= 0.407162 acc: 0.909180AUC=
0.928357124329
AUC_other=
0.928357124329
404 Loss= 0.407174 acc: 0.909180AUC=
0.93253993988
AUC_other=
0.93253993988
405 Loss= 0.403415 acc: 0.909180AUC=
0.942746162415
AUC_other=
0.942746162415
406 Loss= 0.404691 acc: 0.909180AUC=
0.935971260071
AUC_other=
0.935971260071
407 Loss= 0.404452 acc: 0.909180AUC=
0.936947822571
AUC_other=
0.936947822571
408 Loss= 0.405230 acc: 0.908203AUC=
0.938405990601
AUC_other=
0.938405990601
409 Loss= 0.399751 acc: 0.909180AUC=
0.948662757874
AUC_other=
0.948662757874
410 Loss= 0.399990 acc: 0.909180AUC=
0.951258659363
AUC_other=
0.951258659363
411 Loss= 0.400635 acc: 0.909180AUC=
0.952696800232
AUC_other=
0.952696800232
412 Loss= 0.399927 acc: 0.909180AUC=
0.949656963348
AUC_other=
0.949656963348
413 Loss= 0.405230 acc: 0.909180AUC=
0.934157371521
AUC_other=
0.934157371521
414 Loss= 0.404689 acc: 0.909180AUC=
0.939049720764
AUC_other=
0.939049720764
415 Loss= 0.406346 acc: 0.909180AUC=
0.936842918396
AUC_other=
0.936842918396
416 Loss= 0.405879 acc: 0.909180AUC=
0.932145595551
AUC_other=
0.932145595551
417 Loss= 0.407787 acc: 0.909180AUC=
0.92658996582
AUC_other=
0.92658996582
418 Loss= 0.408484 acc: 0.909180AUC=
0.926360607147
AUC_other=
0.926360607147
419 Loss= 0.407313 acc: 0.908203AUC=
0.934133529663
AUC_other=
0.934133529663
420 Loss= 0.412696 acc: 0.909180AUC=
0.915663719177
AUC_other=
0.915663719177
421 Loss= 0.405558 acc: 0.909180AUC=
0.934266090393
AUC_other=
0.934266090393
422 Loss= 0.407767 acc: 0.909180AUC=
0.922642707825
AUC_other=
0.922642707825
423 Loss= 0.406298 acc: 0.909180AUC=
0.932883739471
AUC_other=
0.932883739471
424 Loss= 0.403050 acc: 0.909180AUC=
0.937184333801
AUC_other=
0.937184333801
425 Loss= 0.401197 acc: 0.909180AUC=
0.948204994202
AUC_other=
0.948204994202
426 Loss= 0.399990 acc: 0.909180AUC=
0.950360298157
AUC_other=
0.950360298157
427 Loss= 0.405195 acc: 0.909180AUC=
0.939517974854
AUC_other=
0.939517974854
428 Loss= 0.408597 acc: 0.909180AUC=
0.925095558167
AUC_other=
0.925095558167
429 Loss= 0.415155 acc: 0.909180AUC=
0.902710914612
AUC_other=
0.902710914612
430 Loss= 0.410856 acc: 0.908203AUC=
0.922897338867
AUC_other=
0.922897338867
431 Loss= 0.411853 acc: 0.909180AUC=
0.915080070496
AUC_other=
0.915080070496
432 Loss= 0.406916 acc: 0.909180AUC=
0.933062553406
AUC_other=
0.933062553406
433 Loss= 0.407329 acc: 0.909180AUC=
0.92720413208
AUC_other=
0.92720413208
434 Loss= 0.408549 acc: 0.909180AUC=
0.92765712738
AUC_other=
0.92765712738
435 Loss= 0.409304 acc: 0.909180AUC=
0.925890922546
AUC_other=
0.925890922546
436 Loss= 0.408002 acc: 0.909180AUC=
0.92954492569
AUC_other=
0.92954492569
437 Loss= 0.411330 acc: 0.909180AUC=
0.917336463928
AUC_other=
0.917336463928
438 Loss= 0.409851 acc: 0.909180AUC=
0.917216300964
AUC_other=
0.917216300964
439 Loss= 0.407144 acc: 0.909180AUC=
0.926785469055
AUC_other=
0.926785469055
440 Loss= 0.408850 acc: 0.909180AUC=
0.924288272858
AUC_other=
0.924288272858
441 Loss= 0.410292 acc: 0.908203AUC=
0.923686981201
AUC_other=
0.923686981201
442 Loss= 0.412275 acc: 0.909180AUC=
0.916796684265
AUC_other=
0.916796684265
443 Loss= 0.406755 acc: 0.909180AUC=
0.928656578064
AUC_other=
0.928656578064
444 Loss= 0.402593 acc: 0.909180AUC=
0.942068099976
AUC_other=
0.942068099976
445 Loss= 0.409583 acc: 0.909180AUC=
0.9233045578
AUC_other=
0.9233045578
446 Loss= 0.409209 acc: 0.909180AUC=
0.924275398254
AUC_other=
0.924275398254
447 Loss= 0.408169 acc: 0.909180AUC=
0.927320957184
AUC_other=
0.927320957184
448 Loss= 0.411701 acc: 0.909180AUC=
0.912774085999
AUC_other=
0.912774085999
449 Loss= 0.411382 acc: 0.909180AUC=
0.916625976562
AUC_other=
0.916625976562
450 Loss= 0.409686 acc: 0.909180AUC=
0.92066860199
AUC_other=
0.92066860199
450
valoss= 0.395150 , vaacc= 0.91602AUC=
0.955118179321
AUC_other=
0.955118179321
valoss= 0.406299 , vaacc= 0.90234AUC=
0.945310592651
AUC_other=
0.945310592651
valoss= 0.399408 , vaacc= 0.91016AUC=
0.947666168213
AUC_other=
0.947666168213
valoss= 0.398596 , vaacc= 0.91211AUC=
0.947263717651
AUC_other=
0.947263717651
valoss= 0.401038 , vaacc= 0.91016AUC=
0.94581413269
AUC_other=
0.94581413269
valoss= 0.401363 , vaacc= 0.91211AUC=
0.943206787109
AUC_other=
0.943206787109
valoss= 0.410356 , vaacc= 0.89941AUC=
0.94100522995
AUC_other=
0.94100522995
valoss= 0.390792 , vaacc= 0.92090AUC=
0.95339679718
AUC_other=
0.95339679718
valoss= 0.409478 , vaacc= 0.90332AUC=
0.938626289368
AUC_other=
0.938626289368
valoss= 0.403192 , vaacc= 0.90820AUC=
0.941694259644
AUC_other=
0.941694259644
valoss= 0.392179 , vaacc= 0.91699AUC=
0.958716392517
AUC_other=
0.958716392517
vaacc= 0.91016
451 Loss= 0.411453 acc: 0.909180AUC=
0.915940284729
AUC_other=
0.915940284729
452 Loss= 0.407420 acc: 0.908203AUC=
0.929340839386
AUC_other=
0.929340839386
453 Loss= 0.406764 acc: 0.909180AUC=
0.931649684906
AUC_other=
0.931649684906
454 Loss= 0.400600 acc: 0.909180AUC=
0.951649665833
AUC_other=
0.951649665833
455 Loss= 0.410646 acc: 0.909180AUC=
0.922303676605
AUC_other=
0.922303676605
456 Loss= 0.406339 acc: 0.909180AUC=
0.931040763855
AUC_other=
0.931040763855
457 Loss= 0.410722 acc: 0.909180AUC=
0.916880607605
AUC_other=
0.916880607605
458 Loss= 0.411866 acc: 0.909180AUC=
0.918513298035
AUC_other=
0.918513298035
459 Loss= 0.407232 acc: 0.909180AUC=
0.928881645203
AUC_other=
0.928881645203
460 Loss= 0.409547 acc: 0.909180AUC=
0.926354408264
AUC_other=
0.926354408264
461 Loss= 0.407222 acc: 0.909180AUC=
0.92706823349
AUC_other=
0.92706823349
462 Loss= 0.402069 acc: 0.909180AUC=
0.939921379089
AUC_other=
0.939921379089
463 Loss= 0.407367 acc: 0.908203AUC=
0.931425094604
AUC_other=
0.931425094604
464 Loss= 0.405940 acc: 0.909180AUC=
0.934512138367
AUC_other=
0.934512138367
465 Loss= 0.404040 acc: 0.909180AUC=
0.940589427948
AUC_other=
0.940589427948
466 Loss= 0.404968 acc: 0.909180AUC=
0.93891954422
AUC_other=
0.93891954422
467 Loss= 0.403106 acc: 0.909180AUC=
0.943831443787
AUC_other=
0.943831443787
468 Loss= 0.404730 acc: 0.909180AUC=
0.929724216461
AUC_other=
0.929724216461
469 Loss= 0.403928 acc: 0.909180AUC=
0.937296867371
AUC_other=
0.937296867371
470 Loss= 0.403323 acc: 0.909180AUC=
0.938136100769
AUC_other=
0.938136100769
471 Loss= 0.404946 acc: 0.909180AUC=
0.935389518738
AUC_other=
0.935389518738
472 Loss= 0.405193 acc: 0.909180AUC=
0.932200431824
AUC_other=
0.932200431824
473 Loss= 0.404357 acc: 0.909180AUC=
0.941126823425
AUC_other=
0.941126823425
474 Loss= 0.405208 acc: 0.908203AUC=
0.937200546265
AUC_other=
0.937200546265
475 Loss= 0.401877 acc: 0.909180AUC=
0.944409370422
AUC_other=
0.944409370422
476 Loss= 0.405471 acc: 0.909180AUC=
0.936350822449
AUC_other=
0.936350822449
477 Loss= 0.402055 acc: 0.909180AUC=
0.941584587097
AUC_other=
0.941584587097
478 Loss= 0.404420 acc: 0.909180AUC=
0.939208030701
AUC_other=
0.939208030701
479 Loss= 0.407214 acc: 0.909180AUC=
0.932055473328
AUC_other=
0.932055473328
480 Loss= 0.401006 acc: 0.909180AUC=
0.949191093445
AUC_other=
0.949191093445
481 Loss= 0.399276 acc: 0.909180AUC=
0.950904846191
AUC_other=
0.950904846191
482 Loss= 0.402223 acc: 0.909180AUC=
0.944693565369
AUC_other=
0.944693565369
483 Loss= 0.402061 acc: 0.909180AUC=
0.944338798523
AUC_other=
0.944338798523
484 Loss= 0.402572 acc: 0.909180AUC=
0.942887306213
AUC_other=
0.942887306213
485 Loss= 0.400137 acc: 0.908203AUC=
0.951906204224
AUC_other=
0.951906204224
486 Loss= 0.400728 acc: 0.909180AUC=
0.949625968933
AUC_other=
0.949625968933
487 Loss= 0.399301 acc: 0.909180AUC=
0.950373649597
AUC_other=
0.950373649597
488 Loss= 0.396630 acc: 0.909180AUC=
0.961476325989
AUC_other=
0.961476325989
489 Loss= 0.405821 acc: 0.909180AUC=
0.932209968567
AUC_other=
0.932209968567
490 Loss= 0.400108 acc: 0.909180AUC=
0.950345039368
AUC_other=
0.950345039368
491 Loss= 0.397501 acc: 0.909180AUC=
0.956328392029
AUC_other=
0.956328392029
492 Loss= 0.409290 acc: 0.909180AUC=
0.927912712097
AUC_other=
0.927912712097
493 Loss= 0.407803 acc: 0.909180AUC=
0.929196357727
AUC_other=
0.929196357727
494 Loss= 0.402764 acc: 0.909180AUC=
0.944766044617
AUC_other=
0.944766044617
495 Loss= 0.404678 acc: 0.909180AUC=
0.940166950226
AUC_other=
0.940166950226
496 Loss= 0.404951 acc: 0.908203AUC=
0.941382884979
AUC_other=
0.941382884979
497 Loss= 0.407471 acc: 0.909180AUC=
0.934676170349
AUC_other=
0.934676170349
498 Loss= 0.409032 acc: 0.909180AUC=
0.926876068115
AUC_other=
0.926876068115
499 Loss= 0.407062 acc: 0.909180AUC=
0.931794166565
AUC_other=
0.931794166565
500 Loss= 0.401910 acc: 0.909180AUC=
0.946696281433
AUC_other=
0.946696281433
500
valoss= 0.406817 , vaacc= 0.90234AUC=
0.945047855377
AUC_other=
0.945047855377
valoss= 0.412795 , vaacc= 0.89746AUC=
0.937215328217
AUC_other=
0.937215328217
valoss= 0.406248 , vaacc= 0.90625AUC=
0.940392494202
AUC_other=
0.940392494202
valoss= 0.402697 , vaacc= 0.90723AUC=
0.945203781128
AUC_other=
0.945203781128
valoss= 0.391764 , vaacc= 0.92383AUC=
0.947511672974
AUC_other=
0.947511672974
valoss= 0.401255 , vaacc= 0.91016AUC=
0.94668006897
AUC_other=
0.94668006897
valoss= 0.387583 , vaacc= 0.92676AUC=
0.95436000824
AUC_other=
0.95436000824
valoss= 0.406795 , vaacc= 0.90234AUC=
0.943652153015
AUC_other=
0.943652153015
valoss= 0.409591 , vaacc= 0.89746AUC=
0.943308830261
AUC_other=
0.943308830261
valoss= 0.398382 , vaacc= 0.91406AUC=
0.950519561768
AUC_other=
0.950519561768
valoss= 0.397206 , vaacc= 0.91406AUC=
0.950716018677
AUC_other=
0.950716018677
vaacc= 0.90927
501 Loss= 0.401653 acc: 0.909180AUC=
0.944845676422
AUC_other=
0.944845676422
502 Loss= 0.402964 acc: 0.909180AUC=
0.939298629761
AUC_other=
0.939298629761
503 Loss= 0.398720 acc: 0.909180AUC=
0.952439308167
AUC_other=
0.952439308167
504 Loss= 0.402117 acc: 0.909180AUC=
0.945586204529
AUC_other=
0.945586204529
505 Loss= 0.408894 acc: 0.909180AUC=
0.928122520447
AUC_other=
0.928122520447
506 Loss= 0.400787 acc: 0.909180AUC=
0.948159217834
AUC_other=
0.948159217834
507 Loss= 0.412209 acc: 0.908203AUC=
0.918598175049
AUC_other=
0.918598175049
508 Loss= 0.406200 acc: 0.909180AUC=
0.934853553772
AUC_other=
0.934853553772
509 Loss= 0.402315 acc: 0.909180AUC=
0.944502353668
AUC_other=
0.944502353668
510 Loss= 0.403517 acc: 0.909180AUC=
0.942430019379
AUC_other=
0.942430019379
511 Loss= 0.406188 acc: 0.909180AUC=
0.931782722473
AUC_other=
0.931782722473
512 Loss= 0.405483 acc: 0.909180AUC=
0.93753528595
AUC_other=
0.93753528595
513 Loss= 0.405057 acc: 0.909180AUC=
0.938652992249
AUC_other=
0.938652992249
514 Loss= 0.405495 acc: 0.909180AUC=
0.9350233078
AUC_other=
0.9350233078
515 Loss= 0.406714 acc: 0.909180AUC=
0.932689666748
AUC_other=
0.932689666748
516 Loss= 0.404231 acc: 0.909180AUC=
0.938281059265
AUC_other=
0.938281059265
517 Loss= 0.401169 acc: 0.909180AUC=
0.945702552795
AUC_other=
0.945702552795
518 Loss= 0.404301 acc: 0.908203AUC=
0.941980361938
AUC_other=
0.941980361938
519 Loss= 0.402605 acc: 0.909180AUC=
0.939883232117
AUC_other=
0.939883232117
520 Loss= 0.402990 acc: 0.909180AUC=
0.941404819489
AUC_other=
0.941404819489
521 Loss= 0.403007 acc: 0.909180AUC=
0.938006401062
AUC_other=
0.938006401062
522 Loss= 0.399237 acc: 0.909180AUC=
0.95317363739
AUC_other=
0.95317363739
523 Loss= 0.403693 acc: 0.909180AUC=
0.938909053802
AUC_other=
0.938909053802
524 Loss= 0.405471 acc: 0.909180AUC=
0.932312011719
AUC_other=
0.932312011719
525 Loss= 0.404701 acc: 0.909180AUC=
0.938227653503
AUC_other=
0.938227653503
526 Loss= 0.403847 acc: 0.909180AUC=
0.940377235413
AUC_other=
0.940377235413
527 Loss= 0.400464 acc: 0.909180AUC=
0.949275016785
AUC_other=
0.949275016785
528 Loss= 0.401168 acc: 0.909180AUC=
0.949320793152
AUC_other=
0.949320793152
529 Loss= 0.400038 acc: 0.908203AUC=
0.95273399353
AUC_other=
0.95273399353
530 Loss= 0.402058 acc: 0.909180AUC=
0.949226379395
AUC_other=
0.949226379395
531 Loss= 0.405932 acc: 0.909180AUC=
0.93087720871
AUC_other=
0.93087720871
532 Loss= 0.410267 acc: 0.909180AUC=
0.921244621277
AUC_other=
0.921244621277
533 Loss= 0.414156 acc: 0.909180AUC=
0.9073138237
AUC_other=
0.9073138237
534 Loss= 0.409988 acc: 0.909180AUC=
0.917727470398
AUC_other=
0.917727470398
535 Loss= 0.409844 acc: 0.909180AUC=
0.917857170105
AUC_other=
0.917857170105
536 Loss= 0.410261 acc: 0.909180AUC=
0.91853761673
AUC_other=
0.91853761673
537 Loss= 0.409072 acc: 0.909180AUC=
0.923691749573
AUC_other=
0.923691749573
538 Loss= 0.410390 acc: 0.909180AUC=
0.918374061584
AUC_other=
0.918374061584
539 Loss= 0.409845 acc: 0.909180AUC=
0.920862197876
AUC_other=
0.920862197876
540 Loss= 0.405335 acc: 0.908203AUC=
0.939189910889
AUC_other=
0.939189910889
541 Loss= 0.400768 acc: 0.909180AUC=
0.947240352631
AUC_other=
0.947240352631
542 Loss= 0.402425 acc: 0.909180AUC=
0.941458702087
AUC_other=
0.941458702087
543 Loss= 0.405779 acc: 0.909180AUC=
0.93323802948
AUC_other=
0.93323802948
544 Loss= 0.403001 acc: 0.909180AUC=
0.941866874695
AUC_other=
0.941866874695
545 Loss= 0.407220 acc: 0.909180AUC=
0.931046485901
AUC_other=
0.931046485901
546 Loss= 0.407407 acc: 0.909180AUC=
0.929829597473
AUC_other=
0.929829597473
547 Loss= 0.411213 acc: 0.909180AUC=
0.918763160706
AUC_other=
0.918763160706
548 Loss= 0.407066 acc: 0.909180AUC=
0.927069187164
AUC_other=
0.927069187164
549 Loss= 0.403129 acc: 0.909180AUC=
0.94375705719
AUC_other=
0.94375705719
550 Loss= 0.406950 acc: 0.909180AUC=
0.928874015808
AUC_other=
0.928874015808
550
valoss= 0.392306 , vaacc= 0.92188AUC=
0.951164245605
AUC_other=
0.951164245605
valoss= 0.401227 , vaacc= 0.91016AUC=
0.948715209961
AUC_other=
0.948715209961
valoss= 0.413021 , vaacc= 0.89551AUC=
0.936374664307
AUC_other=
0.936374664307
valoss= 0.413876 , vaacc= 0.89941AUC=
0.932377815247
AUC_other=
0.932377815247
valoss= 0.415703 , vaacc= 0.89160AUC=
0.936486244202
AUC_other=
0.936486244202
valoss= 0.399993 , vaacc= 0.90918AUC=
0.948582649231
AUC_other=
0.948582649231
valoss= 0.402595 , vaacc= 0.90723AUC=
0.947377204895
AUC_other=
0.947377204895
valoss= 0.391878 , vaacc= 0.92285AUC=
0.952816963196
AUC_other=
0.952816963196
valoss= 0.396734 , vaacc= 0.91699AUC=
0.949007987976
AUC_other=
0.949007987976
valoss= 0.400065 , vaacc= 0.91113AUC=
0.946604728699
AUC_other=
0.946604728699
valoss= 0.403517 , vaacc= 0.90625AUC=
0.946081161499
AUC_other=
0.946081161499
vaacc= 0.90838
551 Loss= 0.411959 acc: 0.908203AUC=
0.913841247559
AUC_other=
0.913841247559
552 Loss= 0.408929 acc: 0.909180AUC=
0.925414085388
AUC_other=
0.925414085388
553 Loss= 0.401359 acc: 0.909180AUC=
0.946120262146
AUC_other=
0.946120262146
554 Loss= 0.401093 acc: 0.909180AUC=
0.949233055115
AUC_other=
0.949233055115
555 Loss= 0.402622 acc: 0.909180AUC=
0.94372844696
AUC_other=
0.94372844696
556 Loss= 0.402056 acc: 0.909180AUC=
0.943490028381
AUC_other=
0.943490028381
557 Loss= 0.405122 acc: 0.909180AUC=
0.93309879303
AUC_other=
0.93309879303
558 Loss= 0.397327 acc: 0.909180AUC=
0.958050727844
AUC_other=
0.958050727844
559 Loss= 0.397855 acc: 0.909180AUC=
0.958300590515
AUC_other=
0.958300590515
560 Loss= 0.396048 acc: 0.909180AUC=
0.96225643158
AUC_other=
0.96225643158
561 Loss= 0.406712 acc: 0.909180AUC=
0.932541847229
AUC_other=
0.932541847229
562 Loss= 0.403668 acc: 0.908203AUC=
0.942163467407
AUC_other=
0.942163467407
563 Loss= 0.405376 acc: 0.909180AUC=
0.935567378998
AUC_other=
0.935567378998
564 Loss= 0.410203 acc: 0.909180AUC=
0.922448158264
AUC_other=
0.922448158264
565 Loss= 0.403627 acc: 0.909180AUC=
0.939492225647
AUC_other=
0.939492225647
566 Loss= 0.406128 acc: 0.909180AUC=
0.932396888733
AUC_other=
0.932396888733
567 Loss= 0.405524 acc: 0.909180AUC=
0.933979988098
AUC_other=
0.933979988098
568 Loss= 0.405290 acc: 0.909180AUC=
0.934608459473
AUC_other=
0.934608459473
569 Loss= 0.402967 acc: 0.909180AUC=
0.945032596588
AUC_other=
0.945032596588
570 Loss= 0.404616 acc: 0.909180AUC=
0.939534187317
AUC_other=
0.939534187317
571 Loss= 0.403506 acc: 0.909180AUC=
0.937968254089
AUC_other=
0.937968254089
572 Loss= 0.405456 acc: 0.909180AUC=
0.936953544617
AUC_other=
0.936953544617
573 Loss= 0.404127 acc: 0.908203AUC=
0.94221496582
AUC_other=
0.94221496582
574 Loss= 0.404232 acc: 0.909180AUC=
0.939244270325
AUC_other=
0.939244270325
575 Loss= 0.403880 acc: 0.909180AUC=
0.943570137024
AUC_other=
0.943570137024
576 Loss= 0.404750 acc: 0.909180AUC=
0.940384864807
AUC_other=
0.940384864807
577 Loss= 0.405172 acc: 0.909180AUC=
0.938284397125
AUC_other=
0.938284397125
578 Loss= 0.402947 acc: 0.909180AUC=
0.944317817688
AUC_other=
0.944317817688
579 Loss= 0.400304 acc: 0.909180AUC=
0.949091911316
AUC_other=
0.949091911316
580 Loss= 0.403726 acc: 0.909180AUC=
0.942441940308
AUC_other=
0.942441940308
581 Loss= 0.408476 acc: 0.909180AUC=
0.925284385681
AUC_other=
0.925284385681
582 Loss= 0.405172 acc: 0.909180AUC=
0.935482978821
AUC_other=
0.935482978821
583 Loss= 0.408782 acc: 0.909180AUC=
0.927224159241
AUC_other=
0.927224159241
584 Loss= 0.404217 acc: 0.908203AUC=
0.938186645508
AUC_other=
0.938186645508
585 Loss= 0.404769 acc: 0.909180AUC=
0.938778877258
AUC_other=
0.938778877258
586 Loss= 0.404756 acc: 0.909180AUC=
0.938792228699
AUC_other=
0.938792228699
587 Loss= 0.406013 acc: 0.909180AUC=
0.934567451477
AUC_other=
0.934567451477
588 Loss= 0.406866 acc: 0.909180AUC=
0.93279504776
AUC_other=
0.93279504776
589 Loss= 0.404424 acc: 0.909180AUC=
0.938430309296
AUC_other=
0.938430309296
590 Loss= 0.403872 acc: 0.909180AUC=
0.938380241394
AUC_other=
0.938380241394
591 Loss= 0.398686 acc: 0.909180AUC=
0.952921867371
AUC_other=
0.952921867371
592 Loss= 0.402327 acc: 0.909180AUC=
0.943989753723
AUC_other=
0.943989753723
593 Loss= 0.402687 acc: 0.909180AUC=
0.94531583786
AUC_other=
0.94531583786
594 Loss= 0.404373 acc: 0.909180AUC=
0.939997673035
AUC_other=
0.939997673035
595 Loss= 0.406181 acc: 0.908203AUC=
0.935543060303
AUC_other=
0.935543060303
596 Loss= 0.407321 acc: 0.909180AUC=
0.931172847748
AUC_other=
0.931172847748
597 Loss= 0.402304 acc: 0.909180AUC=
0.944550514221
AUC_other=
0.944550514221
598 Loss= 0.399321 acc: 0.909180AUC=
0.952202796936
AUC_other=
0.952202796936
valoss= 0.402047 , vaacc= 0.90820AUC=
0.949287414551
AUC_other=
0.949287414551
valoss= 0.399365 , vaacc= 0.90918AUC=
0.954976081848
AUC_other=
0.954976081848
valoss= 0.400004 , vaacc= 0.90918AUC=
0.951024055481
AUC_other=
0.951024055481
valoss= 0.393658 , vaacc= 0.90918AUC=
0.967003822327
AUC_other=
0.967003822327
valoss= 0.400620 , vaacc= 0.90918AUC=
0.951243400574
AUC_other=
0.951243400574
valoss= 0.397431 , vaacc= 0.90918AUC=
0.95695400238
AUC_other=
0.95695400238
valoss= 0.397855 , vaacc= 0.90918AUC=
0.957093238831
AUC_other=
0.957093238831
valoss= 0.393493 , vaacc= 0.90918AUC=
0.968754768372
AUC_other=
0.968754768372
valoss= 0.403652 , vaacc= 0.90918AUC=
0.944111824036
AUC_other=
0.944111824036
valoss= 0.405796 , vaacc= 0.90918AUC=
0.934503078461
AUC_other=
0.934503078461
valoss= 0.401735 , vaacc= 0.90918AUC=
0.944108009338
AUC_other=
0.944108009338
valoss= 0.403821 , vaacc= 0.90820AUC=
0.947187423706
AUC_other=
0.947187423706
valoss= 0.404667 , vaacc= 0.90918AUC=
0.938963890076
AUC_other=
0.938963890076
valoss= 0.407772 , vaacc= 0.90918AUC=
0.928465843201
AUC_other=
0.928465843201
valoss= 0.402823 , vaacc= 0.90918AUC=
0.94467830658
AUC_other=
0.94467830658
valoss= 0.407956 , vaacc= 0.90918AUC=
0.927800178528
AUC_other=
0.927800178528
valoss= 0.409146 , vaacc= 0.90918AUC=
0.921961784363
AUC_other=
0.921961784363
valoss= 0.406410 , vaacc= 0.90918AUC=
0.932562351227
AUC_other=
0.932562351227
valoss= 0.405529 , vaacc= 0.90918AUC=
0.93468952179
AUC_other=
0.93468952179
valoss= 0.402329 , vaacc= 0.90918AUC=
0.939414024353
AUC_other=
0.939414024353
valoss= 0.405806 , vaacc= 0.90918AUC=
0.935341358185
AUC_other=
0.935341358185
valoss= 0.405616 , vaacc= 0.90820AUC=
0.938158035278
AUC_other=
0.938158035278
732 seconds
